<?xml version="1.0" encoding="UTF-8" standalone="no"?>
<!DOCTYPE log SYSTEM "logger.dtd">
<log>
<record>
  <date>2020-01-13T16:22:20</date>
  <millis>1578912740178</millis>
  <sequence>0</sequence>
  <level>START</level>
  <class>com.kms.katalon.core.logging.XmlKeywordLogger</class>
  <method>startSuite</method>
  <thread>1</thread>
  <message>Start Test Suite : Test Suites/ROLES/Verify_RoleLising_Page_CSSValue</message>
  <nestedLevel>0</nestedLevel>
  <property name="name">Verify_RoleLising_Page_CSSValue</property>
  <property name="description"></property>
  <property name="id">Test Suites/ROLES/Verify_RoleLising_Page_CSSValue</property>
</record>
<record>
  <date>2020-01-13T16:22:20</date>
  <millis>1578912740201</millis>
  <sequence>1</sequence>
  <level>RUN_DATA</level>
  <class>com.kms.katalon.core.logging.XmlKeywordLogger</class>
  <method>logMessage</method>
  <thread>1</thread>
  <message>hostName = Dell - DESKTOP-8FKLJ50</message>
  <nestedLevel>0</nestedLevel>
  <property name="hostName">Dell - DESKTOP-8FKLJ50</property>
</record>
<record>
  <date>2020-01-13T16:22:20</date>
  <millis>1578912740202</millis>
  <sequence>2</sequence>
  <level>RUN_DATA</level>
  <class>com.kms.katalon.core.logging.XmlKeywordLogger</class>
  <method>logMessage</method>
  <thread>1</thread>
  <message>os = Windows 10 64bit</message>
  <nestedLevel>0</nestedLevel>
  <property name="os">Windows 10 64bit</property>
</record>
<record>
  <date>2020-01-13T16:22:20</date>
  <millis>1578912740204</millis>
  <sequence>3</sequence>
  <level>RUN_DATA</level>
  <class>com.kms.katalon.core.logging.XmlKeywordLogger</class>
  <method>logMessage</method>
  <thread>1</thread>
  <message>hostAddress = 10.0.75.1</message>
  <nestedLevel>0</nestedLevel>
  <property name="hostAddress">10.0.75.1</property>
</record>
<record>
  <date>2020-01-13T16:22:20</date>
  <millis>1578912740206</millis>
  <sequence>4</sequence>
  <level>RUN_DATA</level>
  <class>com.kms.katalon.core.logging.XmlKeywordLogger</class>
  <method>logMessage</method>
  <thread>1</thread>
  <message>katalonVersion = 7.2.1.1</message>
  <nestedLevel>0</nestedLevel>
  <property name="katalonVersion">7.2.1.1</property>
</record>
<record>
  <date>2020-01-13T16:22:20</date>
  <millis>1578912740760</millis>
  <sequence>5</sequence>
  <level>START</level>
  <class>com.kms.katalon.core.logging.XmlKeywordLogger</class>
  <method>startTest</method>
  <thread>1</thread>
  <message>Start Test Case : Test Cases/Atlas Platform/Configuration Management/Platform Management/ROLES/VerifyRolesListingPageCssValues</message>
  <nestedLevel>1</nestedLevel>
  <property name="name">Test Cases/Atlas Platform/Configuration Management/Platform Management/ROLES/VerifyRolesListingPageCssValues</property>
  <property name="description"></property>
  <property name="id">Test Cases/Atlas Platform/Configuration Management/Platform Management/ROLES/VerifyRolesListingPageCssValues</property>
  <property name="source">C:\\Users\\Dell\\git\\GSMProject\\Test Cases\\Atlas Platform\\Configuration Management\\Platform Management\\ROLES\\VerifyRolesListingPageCssValues.tc</property>
  <property name="tag"></property>
  <property name="isOptional">false</property>
</record>
<record>
  <date>2020-01-13T16:22:22</date>
  <millis>1578912742946</millis>
  <sequence>7</sequence>
  <level>START</level>
  <class>com.kms.katalon.core.logging.XmlKeywordLogger</class>
  <method>startKeyword</method>
  <thread>1</thread>
  <message>Start action : excelfile = getExcelDataWithDefaultSheet(System.getProperty(\&amp;quot;user.dir\&amp;quot;) + \&amp;quot;\\Data Files\\xlsx files\\AMP.xlsx\&amp;quot;, \&amp;quot;RoleListingPageAttributes\&amp;quot;, true)</message>
  <nestedLevel>1</nestedLevel>
  <property name="startLine">19</property>
  <property name="stepIndex">1</property>
</record>
<record>
  <date>2020-01-13T16:22:26</date>
  <millis>1578912746173</millis>
  <sequence>8</sequence>
  <level>END</level>
  <class>com.kms.katalon.core.logging.XmlKeywordLogger</class>
  <method>endKeyword</method>
  <thread>1</thread>
  <message>End action : excelfile = getExcelDataWithDefaultSheet(System.getProperty(\&amp;quot;user.dir\&amp;quot;) + \&amp;quot;\\Data Files\\xlsx files\\AMP.xlsx\&amp;quot;, \&amp;quot;RoleListingPageAttributes\&amp;quot;, true)</message>
  <nestedLevel>1</nestedLevel>
</record>
<record>
  <date>2020-01-13T16:22:26</date>
  <millis>1578912746174</millis>
  <sequence>9</sequence>
  <level>START</level>
  <class>com.kms.katalon.core.logging.XmlKeywordLogger</class>
  <method>startKeyword</method>
  <thread>1</thread>
  <message>Start action : callTestCase(findTestCase(\&amp;quot;Atlas Platform/OnBoard/Login/LoginWithRootAdmin\&amp;quot;), [:], STOP_ON_FAILURE)</message>
  <nestedLevel>1</nestedLevel>
  <property name="startLine">22</property>
  <property name="stepIndex">2</property>
</record>
<record>
  <date>2020-01-13T16:22:26</date>
  <millis>1578912746505</millis>
  <sequence>12</sequence>
  <level>START</level>
  <class>com.kms.katalon.core.logging.XmlKeywordLogger</class>
  <method>startTest</method>
  <thread>1</thread>
  <message>Start Test Case : Test Cases/Atlas Platform/OnBoard/Login/LoginWithRootAdmin</message>
  <nestedLevel>2</nestedLevel>
  <property name="name">Test Cases/Atlas Platform/OnBoard/Login/LoginWithRootAdmin</property>
  <property name="description"></property>
  <property name="id">Test Cases/Atlas Platform/OnBoard/Login/LoginWithRootAdmin</property>
  <property name="source">C:\\Users\\Dell\\git\\GSMProject\\Test Cases\\Atlas Platform\\OnBoard\\Login\\LoginWithRootAdmin.tc</property>
  <property name="tag"></property>
  <property name="isOptional">false</property>
</record>
<record>
  <date>2020-01-13T16:22:27</date>
  <millis>1578912747405</millis>
  <sequence>14</sequence>
  <level>START</level>
  <class>com.kms.katalon.core.logging.XmlKeywordLogger</class>
  <method>startKeyword</method>
  <thread>1</thread>
  <message>Start action : openBrowser(\&amp;quot;\&amp;quot;)</message>
  <nestedLevel>1</nestedLevel>
  <property name="startLine">19</property>
  <property name="stepIndex">1</property>
</record>
<record>
  <date>2020-01-13T16:22:28</date>
  <millis>1578912748157</millis>
  <sequence>16</sequence>
  <level>INFO</level>
  <class>com.kms.katalon.core.logging.XmlKeywordLogger</class>
  <method>logMessage</method>
  <thread>1</thread>
  <message>Starting &amp;apos;Chrome&amp;apos; driver</message>
  <nestedLevel>2</nestedLevel>
</record>
<record>
  <date>2020-01-13T16:22:28</date>
  <millis>1578912748252</millis>
  <sequence>18</sequence>
  <level>INFO</level>
  <class>com.kms.katalon.core.logging.XmlKeywordLogger</class>
  <method>logMessage</method>
  <thread>1</thread>
  <message>User set preference: [&amp;apos;args&amp;apos;, &amp;apos;[--start-maximized, --disable-web-security, --no-proxy-server]&amp;apos;]</message>
  <nestedLevel>2</nestedLevel>
</record>
<record>
  <date>2020-01-13T16:22:28</date>
  <millis>1578912748275</millis>
  <sequence>19</sequence>
  <level>INFO</level>
  <class>com.kms.katalon.core.logging.XmlKeywordLogger</class>
  <method>logMessage</method>
  <thread>1</thread>
  <message>User set preference: [&amp;apos;prefs&amp;apos;, &amp;apos;{credentials_enable_service=false, profile.password_manager_enabled=false}&amp;apos;]</message>
  <nestedLevel>2</nestedLevel>
</record>
<record>
  <date>2020-01-13T16:22:28</date>
  <millis>1578912748372</millis>
  <sequence>20</sequence>
  <level>INFO</level>
  <class>com.kms.katalon.core.logging.XmlKeywordLogger</class>
  <method>logMessage</method>
  <thread>1</thread>
  <message>Action delay is set to 0 seconds</message>
  <nestedLevel>2</nestedLevel>
</record>
<record>
  <date>2020-01-13T16:22:52</date>
  <millis>1578912772311</millis>
  <sequence>22</sequence>
  <level>RUN_DATA</level>
  <class>com.kms.katalon.core.logging.XmlKeywordLogger</class>
  <method>logMessage</method>
  <thread>1</thread>
  <message>sessionId = 75bc413c5cf2d59a357ca16a887913f8</message>
  <nestedLevel>2</nestedLevel>
  <property name="sessionId">75bc413c5cf2d59a357ca16a887913f8</property>
</record>
<record>
  <date>2020-01-13T16:22:52</date>
  <millis>1578912772356</millis>
  <sequence>23</sequence>
  <level>RUN_DATA</level>
  <class>com.kms.katalon.core.logging.XmlKeywordLogger</class>
  <method>logMessage</method>
  <thread>1</thread>
  <message>browser = Chrome 79.0.3945.117</message>
  <nestedLevel>2</nestedLevel>
  <property name="browser">Chrome 79.0.3945.117</property>
</record>
<record>
  <date>2020-01-13T16:22:52</date>
  <millis>1578912772357</millis>
  <sequence>24</sequence>
  <level>RUN_DATA</level>
  <class>com.kms.katalon.core.logging.XmlKeywordLogger</class>
  <method>logMessage</method>
  <thread>1</thread>
  <message>platform = Windows 10</message>
  <nestedLevel>2</nestedLevel>
  <property name="platform">Windows 10</property>
</record>
<record>
  <date>2020-01-13T16:22:52</date>
  <millis>1578912772358</millis>
  <sequence>25</sequence>
  <level>RUN_DATA</level>
  <class>com.kms.katalon.core.logging.XmlKeywordLogger</class>
  <method>logMessage</method>
  <thread>1</thread>
  <message>seleniumVersion = 3.141.59</message>
  <nestedLevel>2</nestedLevel>
  <property name="seleniumVersion">3.141.59</property>
</record>
<record>
  <date>2020-01-13T16:22:52</date>
  <millis>1578912772362</millis>
  <sequence>26</sequence>
  <level>RUN_DATA</level>
  <class>com.kms.katalon.core.logging.XmlKeywordLogger</class>
  <method>logMessage</method>
  <thread>1</thread>
  <message>proxyInformation = ProxyInformation{proxyOption=NO_PROXY, proxyServerType=HTTP, password=, proxyServerAddress=, proxyServerPort=0, executionList=}</message>
  <nestedLevel>2</nestedLevel>
  <property name="proxyInformation">ProxyInformation{proxyOption=NO_PROXY, proxyServerType=HTTP, password=, proxyServerAddress=, proxyServerPort=0, executionList=}</property>
</record>
<record>
  <date>2020-01-13T16:22:52</date>
  <millis>1578912772375</millis>
  <sequence>27</sequence>
  <level>PASSED</level>
  <class>com.kms.katalon.core.logging.XmlKeywordLogger</class>
  <method>logMessage</method>
  <thread>1</thread>
  <message>Browser is opened with url: &amp;apos;&amp;apos;</message>
  <nestedLevel>2</nestedLevel>
</record>
<record>
  <date>2020-01-13T16:22:52</date>
  <millis>1578912772377</millis>
  <sequence>28</sequence>
  <level>END</level>
  <class>com.kms.katalon.core.logging.XmlKeywordLogger</class>
  <method>endKeyword</method>
  <thread>1</thread>
  <message>End action : openBrowser(\&amp;quot;\&amp;quot;)</message>
  <nestedLevel>1</nestedLevel>
</record>
<record>
  <date>2020-01-13T16:22:52</date>
  <millis>1578912772377</millis>
  <sequence>29</sequence>
  <level>START</level>
  <class>com.kms.katalon.core.logging.XmlKeywordLogger</class>
  <method>startKeyword</method>
  <thread>1</thread>
  <message>Start action : navigateToUrl(\&amp;quot;http://dqfn4clx0bazt.cloudfront.net/\&amp;quot;)</message>
  <nestedLevel>1</nestedLevel>
  <property name="startLine">21</property>
  <property name="stepIndex">2</property>
</record>
<record>
  <date>2020-01-13T16:22:57</date>
  <millis>1578912777362</millis>
  <sequence>32</sequence>
  <level>PASSED</level>
  <class>com.kms.katalon.core.logging.XmlKeywordLogger</class>
  <method>logMessage</method>
  <thread>1</thread>
  <message>Navigate to &amp;apos;http://dqfn4clx0bazt.cloudfront.net/&amp;apos; successfully</message>
  <nestedLevel>2</nestedLevel>
</record>
<record>
  <date>2020-01-13T16:22:57</date>
  <millis>1578912777397</millis>
  <sequence>33</sequence>
  <level>END</level>
  <class>com.kms.katalon.core.logging.XmlKeywordLogger</class>
  <method>endKeyword</method>
  <thread>1</thread>
  <message>End action : navigateToUrl(\&amp;quot;http://dqfn4clx0bazt.cloudfront.net/\&amp;quot;)</message>
  <nestedLevel>1</nestedLevel>
</record>
<record>
  <date>2020-01-13T16:22:57</date>
  <millis>1578912777401</millis>
  <sequence>34</sequence>
  <level>START</level>
  <class>com.kms.katalon.core.logging.XmlKeywordLogger</class>
  <method>startKeyword</method>
  <thread>1</thread>
  <message>Start action : setText(findTestObject(\&amp;quot;Object Repository/LoginPage/loginpageemailtxtbox\&amp;quot;), \&amp;quot;jayakumar@totient.co.in\&amp;quot;)</message>
  <nestedLevel>1</nestedLevel>
  <property name="startLine">23</property>
  <property name="stepIndex">3</property>
</record>
<record>
  <date>2020-01-13T16:23:03</date>
  <millis>1578912783158</millis>
  <sequence>45</sequence>
  <level>PASSED</level>
  <class>com.kms.katalon.core.logging.XmlKeywordLogger</class>
  <method>logMessage</method>
  <thread>1</thread>
  <message>Text &amp;apos;jayakumar@totient.co.in&amp;apos; is set on object &amp;apos;Object Repository/LoginPage/loginpageemailtxtbox&amp;apos;</message>
  <nestedLevel>2</nestedLevel>
</record>
<record>
  <date>2020-01-13T16:23:03</date>
  <millis>1578912783159</millis>
  <sequence>46</sequence>
  <level>END</level>
  <class>com.kms.katalon.core.logging.XmlKeywordLogger</class>
  <method>endKeyword</method>
  <thread>1</thread>
  <message>End action : setText(findTestObject(\&amp;quot;Object Repository/LoginPage/loginpageemailtxtbox\&amp;quot;), \&amp;quot;jayakumar@totient.co.in\&amp;quot;)</message>
  <nestedLevel>1</nestedLevel>
</record>
<record>
  <date>2020-01-13T16:23:03</date>
  <millis>1578912783162</millis>
  <sequence>47</sequence>
  <level>START</level>
  <class>com.kms.katalon.core.logging.XmlKeywordLogger</class>
  <method>startKeyword</method>
  <thread>1</thread>
  <message>Start action : setEncryptedText(findTestObject(\&amp;quot;Object Repository/LoginPage/loginpaepasswordtxtbox\&amp;quot;), \&amp;quot;dY75oODjl60xa8W7XdEt7g==\&amp;quot;)</message>
  <nestedLevel>1</nestedLevel>
  <property name="startLine">25</property>
  <property name="stepIndex">4</property>
</record>
<record>
  <date>2020-01-13T16:23:04</date>
  <millis>1578912784408</millis>
  <sequence>58</sequence>
  <level>PASSED</level>
  <class>com.kms.katalon.core.logging.XmlKeywordLogger</class>
  <method>logMessage</method>
  <thread>1</thread>
  <message>Text ****** has been set on object &amp;apos;Object Repository/LoginPage/loginpaepasswordtxtbox&amp;apos;</message>
  <nestedLevel>2</nestedLevel>
</record>
<record>
  <date>2020-01-13T16:23:04</date>
  <millis>1578912784410</millis>
  <sequence>59</sequence>
  <level>END</level>
  <class>com.kms.katalon.core.logging.XmlKeywordLogger</class>
  <method>endKeyword</method>
  <thread>1</thread>
  <message>End action : setEncryptedText(findTestObject(\&amp;quot;Object Repository/LoginPage/loginpaepasswordtxtbox\&amp;quot;), \&amp;quot;dY75oODjl60xa8W7XdEt7g==\&amp;quot;)</message>
  <nestedLevel>1</nestedLevel>
</record>
<record>
  <date>2020-01-13T16:23:04</date>
  <millis>1578912784410</millis>
  <sequence>60</sequence>
  <level>START</level>
  <class>com.kms.katalon.core.logging.XmlKeywordLogger</class>
  <method>startKeyword</method>
  <thread>1</thread>
  <message>Start action : click(findTestObject(\&amp;quot;LoginPage/loginpageloginbtn\&amp;quot;))</message>
  <nestedLevel>1</nestedLevel>
  <property name="startLine">27</property>
  <property name="stepIndex">5</property>
</record>
<record>
  <date>2020-01-13T16:23:05</date>
  <millis>1578912785175</millis>
  <sequence>71</sequence>
  <level>PASSED</level>
  <class>com.kms.katalon.core.logging.XmlKeywordLogger</class>
  <method>logMessage</method>
  <thread>1</thread>
  <message>Object: &amp;apos;Object Repository/LoginPage/loginpageloginbtn&amp;apos; is clicked on</message>
  <nestedLevel>2</nestedLevel>
</record>
<record>
  <date>2020-01-13T16:23:05</date>
  <millis>1578912785176</millis>
  <sequence>72</sequence>
  <level>END</level>
  <class>com.kms.katalon.core.logging.XmlKeywordLogger</class>
  <method>endKeyword</method>
  <thread>1</thread>
  <message>End action : click(findTestObject(\&amp;quot;LoginPage/loginpageloginbtn\&amp;quot;))</message>
  <nestedLevel>1</nestedLevel>
</record>
<record>
  <date>2020-01-13T16:23:05</date>
  <millis>1578912785177</millis>
  <sequence>73</sequence>
  <level>PASSED</level>
  <class>com.kms.katalon.core.logging.XmlKeywordLogger</class>
  <method>logMessage</method>
  <thread>1</thread>
  <message>Test Cases/Atlas Platform/OnBoard/Login/LoginWithRootAdmin</message>
  <nestedLevel>2</nestedLevel>
</record>
<record>
  <date>2020-01-13T16:23:05</date>
  <millis>1578912785179</millis>
  <sequence>74</sequence>
  <level>END</level>
  <class>com.kms.katalon.core.logging.XmlKeywordLogger</class>
  <method>endTest</method>
  <thread>1</thread>
  <message>End Test Case : Test Cases/Atlas Platform/OnBoard/Login/LoginWithRootAdmin</message>
  <nestedLevel>1</nestedLevel>
</record>
<record>
  <date>2020-01-13T16:23:05</date>
  <millis>1578912785241</millis>
  <sequence>75</sequence>
  <level>PASSED</level>
  <class>com.kms.katalon.core.logging.XmlKeywordLogger</class>
  <method>logMessage</method>
  <thread>1</thread>
  <message>Call Test Case &amp;apos;Test Cases/Atlas Platform/OnBoard/Login/LoginWithRootAdmin&amp;apos; successfully</message>
  <nestedLevel>1</nestedLevel>
</record>
<record>
  <date>2020-01-13T16:23:05</date>
  <millis>1578912785242</millis>
  <sequence>76</sequence>
  <level>END</level>
  <class>com.kms.katalon.core.logging.XmlKeywordLogger</class>
  <method>endKeyword</method>
  <thread>1</thread>
  <message>End action : callTestCase(findTestCase(\&amp;quot;Atlas Platform/OnBoard/Login/LoginWithRootAdmin\&amp;quot;), [:], STOP_ON_FAILURE)</message>
  <nestedLevel>1</nestedLevel>
</record>
<record>
  <date>2020-01-13T16:23:05</date>
  <millis>1578912785242</millis>
  <sequence>77</sequence>
  <level>START</level>
  <class>com.kms.katalon.core.logging.XmlKeywordLogger</class>
  <method>startKeyword</method>
  <thread>1</thread>
  <message>Start action : verifyElementPresent(findTestObject(\&amp;quot;HeaderMenus/adminmenu\&amp;quot;), 0)</message>
  <nestedLevel>1</nestedLevel>
  <property name="startLine">24</property>
  <property name="stepIndex">3</property>
</record>
<record>
  <date>2020-01-13T16:23:05</date>
  <millis>1578912785504</millis>
  <sequence>82</sequence>
  <level>WARNING</level>
  <class>com.kms.katalon.core.logging.XmlKeywordLogger</class>
  <method>logMessage</method>
  <thread>1</thread>
  <message>Timeout &amp;apos;0&amp;apos; is invalid. Using default page load timeout: &amp;apos;230&amp;apos;</message>
  <nestedLevel>1</nestedLevel>
</record>
<record>
  <date>2020-01-13T16:23:05</date>
  <millis>1578912785874</millis>
  <sequence>86</sequence>
  <level>PASSED</level>
  <class>com.kms.katalon.core.logging.XmlKeywordLogger</class>
  <method>logMessage</method>
  <thread>1</thread>
  <message>Object &amp;apos;Object Repository/HeaderMenus/adminmenu&amp;apos; is present</message>
  <nestedLevel>1</nestedLevel>
</record>
<record>
  <date>2020-01-13T16:23:05</date>
  <millis>1578912785874</millis>
  <sequence>87</sequence>
  <level>END</level>
  <class>com.kms.katalon.core.logging.XmlKeywordLogger</class>
  <method>endKeyword</method>
  <thread>1</thread>
  <message>End action : verifyElementPresent(findTestObject(\&amp;quot;HeaderMenus/adminmenu\&amp;quot;), 0)</message>
  <nestedLevel>1</nestedLevel>
</record>
<record>
  <date>2020-01-13T16:23:05</date>
  <millis>1578912785875</millis>
  <sequence>88</sequence>
  <level>START</level>
  <class>com.kms.katalon.core.logging.XmlKeywordLogger</class>
  <method>startKeyword</method>
  <thread>1</thread>
  <message>Start action : verifyEqual(getCSSValue(findTestObject(\&amp;quot;HeaderMenus/adminmenu\&amp;quot;), \&amp;quot;color\&amp;quot;), excelfile.getValue(\&amp;quot;element_color_in_RGBA\&amp;quot;, 1))</message>
  <nestedLevel>1</nestedLevel>
  <property name="startLine">27</property>
  <property name="stepIndex">4</property>
</record>
<record>
  <date>2020-01-13T16:23:06</date>
  <millis>1578912786345</millis>
  <sequence>97</sequence>
  <level>PASSED</level>
  <class>com.kms.katalon.core.logging.XmlKeywordLogger</class>
  <method>logMessage</method>
  <thread>1</thread>
  <message>Get CSS &amp;apos;color&amp;apos; value on &amp;apos;Object Repository/HeaderMenus/adminmenu&amp;apos; successfully: &amp;apos;rgba(141, 151, 154, 1)&amp;apos;.</message>
  <nestedLevel>1</nestedLevel>
</record>
<record>
  <date>2020-01-13T16:23:06</date>
  <millis>1578912786787</millis>
  <sequence>99</sequence>
  <level>PASSED</level>
  <class>com.kms.katalon.core.logging.XmlKeywordLogger</class>
  <method>logMessage</method>
  <thread>1</thread>
  <message>Actual object &amp;apos;rgba(141, 151, 154, 1)&amp;apos; and expected object &amp;apos;rgba(141, 151, 154, 1)&amp;apos; are equal</message>
  <nestedLevel>1</nestedLevel>
</record>
<record>
  <date>2020-01-13T16:23:06</date>
  <millis>1578912786788</millis>
  <sequence>100</sequence>
  <level>END</level>
  <class>com.kms.katalon.core.logging.XmlKeywordLogger</class>
  <method>endKeyword</method>
  <thread>1</thread>
  <message>End action : verifyEqual(getCSSValue(findTestObject(\&amp;quot;HeaderMenus/adminmenu\&amp;quot;), \&amp;quot;color\&amp;quot;), excelfile.getValue(\&amp;quot;element_color_in_RGBA\&amp;quot;, 1))</message>
  <nestedLevel>1</nestedLevel>
</record>
<record>
  <date>2020-01-13T16:23:06</date>
  <millis>1578912786789</millis>
  <sequence>101</sequence>
  <level>START</level>
  <class>com.kms.katalon.core.logging.XmlKeywordLogger</class>
  <method>startKeyword</method>
  <thread>1</thread>
  <message>Start action : verifyMatch(getCSSValue(findTestObject(\&amp;quot;HeaderMenus/adminmenu\&amp;quot;), \&amp;quot;font-size\&amp;quot;), excelfile.getValue(\&amp;quot;element_size\&amp;quot;, 1), true)</message>
  <nestedLevel>1</nestedLevel>
  <property name="startLine">30</property>
  <property name="stepIndex">5</property>
</record>
<record>
  <date>2020-01-13T16:23:07</date>
  <millis>1578912787226</millis>
  <sequence>110</sequence>
  <level>PASSED</level>
  <class>com.kms.katalon.core.logging.XmlKeywordLogger</class>
  <method>logMessage</method>
  <thread>1</thread>
  <message>Get CSS &amp;apos;font-size&amp;apos; value on &amp;apos;Object Repository/HeaderMenus/adminmenu&amp;apos; successfully: &amp;apos;10px&amp;apos;.</message>
  <nestedLevel>1</nestedLevel>
</record>
<record>
  <date>2020-01-13T16:23:07</date>
  <millis>1578912787242</millis>
  <sequence>112</sequence>
  <level>PASSED</level>
  <class>com.kms.katalon.core.logging.XmlKeywordLogger</class>
  <method>logMessage</method>
  <thread>1</thread>
  <message>Actual text &amp;apos;10px&amp;apos; and expected text &amp;apos;10px&amp;apos; are matched  using regular expression</message>
  <nestedLevel>1</nestedLevel>
</record>
<record>
  <date>2020-01-13T16:23:07</date>
  <millis>1578912787243</millis>
  <sequence>113</sequence>
  <level>END</level>
  <class>com.kms.katalon.core.logging.XmlKeywordLogger</class>
  <method>endKeyword</method>
  <thread>1</thread>
  <message>End action : verifyMatch(getCSSValue(findTestObject(\&amp;quot;HeaderMenus/adminmenu\&amp;quot;), \&amp;quot;font-size\&amp;quot;), excelfile.getValue(\&amp;quot;element_size\&amp;quot;, 1), true)</message>
  <nestedLevel>1</nestedLevel>
</record>
<record>
  <date>2020-01-13T16:23:07</date>
  <millis>1578912787243</millis>
  <sequence>114</sequence>
  <level>START</level>
  <class>com.kms.katalon.core.logging.XmlKeywordLogger</class>
  <method>startKeyword</method>
  <thread>1</thread>
  <message>Start action : verifyMatch(getText(findTestObject(\&amp;quot;HeaderMenus/adminmenu\&amp;quot;), CONTINUE_ON_FAILURE), excelfile.getValue(\&amp;quot;element_text\&amp;quot;, 1), true)</message>
  <nestedLevel>1</nestedLevel>
  <property name="startLine">33</property>
  <property name="stepIndex">6</property>
</record>
<record>
  <date>2020-01-13T16:23:08</date>
  <millis>1578912788660</millis>
  <sequence>123</sequence>
  <level>PASSED</level>
  <class>com.kms.katalon.core.logging.XmlKeywordLogger</class>
  <method>logMessage</method>
  <thread>1</thread>
  <message>Text of object &amp;apos;Object Repository/HeaderMenus/adminmenu&amp;apos; is: &amp;apos;ADMIN&amp;apos;</message>
  <nestedLevel>1</nestedLevel>
</record>
<record>
  <date>2020-01-13T16:23:09</date>
  <millis>1578912789016</millis>
  <sequence>125</sequence>
  <level>PASSED</level>
  <class>com.kms.katalon.core.logging.XmlKeywordLogger</class>
  <method>logMessage</method>
  <thread>1</thread>
  <message>Actual text &amp;apos;ADMIN&amp;apos; and expected text &amp;apos;ADMIN&amp;apos; are matched  using regular expression</message>
  <nestedLevel>1</nestedLevel>
</record>
<record>
  <date>2020-01-13T16:23:09</date>
  <millis>1578912789030</millis>
  <sequence>126</sequence>
  <level>END</level>
  <class>com.kms.katalon.core.logging.XmlKeywordLogger</class>
  <method>endKeyword</method>
  <thread>1</thread>
  <message>End action : verifyMatch(getText(findTestObject(\&amp;quot;HeaderMenus/adminmenu\&amp;quot;), CONTINUE_ON_FAILURE), excelfile.getValue(\&amp;quot;element_text\&amp;quot;, 1), true)</message>
  <nestedLevel>1</nestedLevel>
</record>
<record>
  <date>2020-01-13T16:23:09</date>
  <millis>1578912789032</millis>
  <sequence>127</sequence>
  <level>START</level>
  <class>com.kms.katalon.core.logging.XmlKeywordLogger</class>
  <method>startKeyword</method>
  <thread>1</thread>
  <message>Start action : verifyEqual(getCSSValue(findTestObject(\&amp;quot;HeaderMenus/adminmenuicon\&amp;quot;), \&amp;quot;d\&amp;quot;), excelfile.getValue(\&amp;quot;icon_value\&amp;quot;, 1), STOP_ON_FAILURE)</message>
  <nestedLevel>1</nestedLevel>
  <property name="startLine">36</property>
  <property name="stepIndex">7</property>
</record>
<record>
  <date>2020-01-13T16:23:11</date>
  <millis>1578912791506</millis>
  <sequence>136</sequence>
  <level>PASSED</level>
  <class>com.kms.katalon.core.logging.XmlKeywordLogger</class>
  <method>logMessage</method>
  <thread>1</thread>
  <message>Get CSS &amp;apos;d&amp;apos; value on &amp;apos;Object Repository/HeaderMenus/adminmenuicon&amp;apos; successfully: &amp;apos;path(\&amp;quot;M 7 0 C 10.862 0 14 3.138 14 7 S 10.862 14 7 14 S 0 10.862 0 7 S 3.138 0 7 0 Z M 8.918 9.67 L 8.556 7.518 L 10.111 5.988 L 7.959 5.678 L 7 3.732 L 6.04 5.676 L 3.889 5.987 L 5.444 7.517 L 5.082 9.669 L 7 8.659 L 8.918 9.67 Z\&amp;quot;)&amp;apos;.</message>
  <nestedLevel>1</nestedLevel>
</record>
<record>
  <date>2020-01-13T16:23:11</date>
  <millis>1578912791766</millis>
  <sequence>138</sequence>
  <level>PASSED</level>
  <class>com.kms.katalon.core.logging.XmlKeywordLogger</class>
  <method>logMessage</method>
  <thread>1</thread>
  <message>Actual object &amp;apos;path(\&amp;quot;M 7 0 C 10.862 0 14 3.138 14 7 S 10.862 14 7 14 S 0 10.862 0 7 S 3.138 0 7 0 Z M 8.918 9.67 L 8.556 7.518 L 10.111 5.988 L 7.959 5.678 L 7 3.732 L 6.04 5.676 L 3.889 5.987 L 5.444 7.517 L 5.082 9.669 L 7 8.659 L 8.918 9.67 Z\&amp;quot;)&amp;apos; and expected object &amp;apos;path(\&amp;quot;M 7 0 C 10.862 0 14 3.138 14 7 S 10.862 14 7 14 S 0 10.862 0 7 S 3.138 0 7 0 Z M 8.918 9.67 L 8.556 7.518 L 10.111 5.988 L 7.959 5.678 L 7 3.732 L 6.04 5.676 L 3.889 5.987 L 5.444 7.517 L 5.082 9.669 L 7 8.659 L 8.918 9.67 Z\&amp;quot;)&amp;apos; are equal</message>
  <nestedLevel>1</nestedLevel>
</record>
<record>
  <date>2020-01-13T16:23:11</date>
  <millis>1578912791772</millis>
  <sequence>139</sequence>
  <level>END</level>
  <class>com.kms.katalon.core.logging.XmlKeywordLogger</class>
  <method>endKeyword</method>
  <thread>1</thread>
  <message>End action : verifyEqual(getCSSValue(findTestObject(\&amp;quot;HeaderMenus/adminmenuicon\&amp;quot;), \&amp;quot;d\&amp;quot;), excelfile.getValue(\&amp;quot;icon_value\&amp;quot;, 1), STOP_ON_FAILURE)</message>
  <nestedLevel>1</nestedLevel>
</record>
<record>
  <date>2020-01-13T16:23:11</date>
  <millis>1578912791773</millis>
  <sequence>140</sequence>
  <level>START</level>
  <class>com.kms.katalon.core.logging.XmlKeywordLogger</class>
  <method>startKeyword</method>
  <thread>1</thread>
  <message>Start action : click(findTestObject(\&amp;quot;HeaderMenus/audiencemenu\&amp;quot;))</message>
  <nestedLevel>1</nestedLevel>
  <property name="startLine">40</property>
  <property name="stepIndex">8</property>
</record>
<record>
  <date>2020-01-13T16:23:13</date>
  <millis>1578912793291</millis>
  <sequence>151</sequence>
  <level>PASSED</level>
  <class>com.kms.katalon.core.logging.XmlKeywordLogger</class>
  <method>logMessage</method>
  <thread>1</thread>
  <message>Object: &amp;apos;Object Repository/HeaderMenus/audiencemenu&amp;apos; is clicked on</message>
  <nestedLevel>1</nestedLevel>
</record>
<record>
  <date>2020-01-13T16:23:13</date>
  <millis>1578912793292</millis>
  <sequence>152</sequence>
  <level>END</level>
  <class>com.kms.katalon.core.logging.XmlKeywordLogger</class>
  <method>endKeyword</method>
  <thread>1</thread>
  <message>End action : click(findTestObject(\&amp;quot;HeaderMenus/audiencemenu\&amp;quot;))</message>
  <nestedLevel>1</nestedLevel>
</record>
<record>
  <date>2020-01-13T16:23:13</date>
  <millis>1578912793292</millis>
  <sequence>153</sequence>
  <level>START</level>
  <class>com.kms.katalon.core.logging.XmlKeywordLogger</class>
  <method>startKeyword</method>
  <thread>1</thread>
  <message>Start action : verifyEqual(getCSSValue(findTestObject(\&amp;quot;HeaderMenus/audiencemenu\&amp;quot;), \&amp;quot;color\&amp;quot;), excelfile.getValue(\&amp;quot;element_color_in_RGBA\&amp;quot;, 2))</message>
  <nestedLevel>1</nestedLevel>
  <property name="startLine">42</property>
  <property name="stepIndex">9</property>
</record>
<record>
  <date>2020-01-13T16:23:13</date>
  <millis>1578912793880</millis>
  <sequence>162</sequence>
  <level>PASSED</level>
  <class>com.kms.katalon.core.logging.XmlKeywordLogger</class>
  <method>logMessage</method>
  <thread>1</thread>
  <message>Get CSS &amp;apos;color&amp;apos; value on &amp;apos;Object Repository/HeaderMenus/audiencemenu&amp;apos; successfully: &amp;apos;rgba(27, 32, 92, 1)&amp;apos;.</message>
  <nestedLevel>1</nestedLevel>
</record>
<record>
  <date>2020-01-13T16:23:13</date>
  <millis>1578912793905</millis>
  <sequence>164</sequence>
  <level>PASSED</level>
  <class>com.kms.katalon.core.logging.XmlKeywordLogger</class>
  <method>logMessage</method>
  <thread>1</thread>
  <message>Actual object &amp;apos;rgba(27, 32, 92, 1)&amp;apos; and expected object &amp;apos;rgba(27, 32, 92, 1)&amp;apos; are equal</message>
  <nestedLevel>1</nestedLevel>
</record>
<record>
  <date>2020-01-13T16:23:13</date>
  <millis>1578912793906</millis>
  <sequence>165</sequence>
  <level>END</level>
  <class>com.kms.katalon.core.logging.XmlKeywordLogger</class>
  <method>endKeyword</method>
  <thread>1</thread>
  <message>End action : verifyEqual(getCSSValue(findTestObject(\&amp;quot;HeaderMenus/audiencemenu\&amp;quot;), \&amp;quot;color\&amp;quot;), excelfile.getValue(\&amp;quot;element_color_in_RGBA\&amp;quot;, 2))</message>
  <nestedLevel>1</nestedLevel>
</record>
<record>
  <date>2020-01-13T16:23:13</date>
  <millis>1578912793907</millis>
  <sequence>166</sequence>
  <level>START</level>
  <class>com.kms.katalon.core.logging.XmlKeywordLogger</class>
  <method>startKeyword</method>
  <thread>1</thread>
  <message>Start action : verifyMatch(getCSSValue(findTestObject(\&amp;quot;HeaderMenus/audiencemenu\&amp;quot;), \&amp;quot;font-size\&amp;quot;), excelfile.getValue(\&amp;quot;element_size\&amp;quot;, 2), true)</message>
  <nestedLevel>1</nestedLevel>
  <property name="startLine">45</property>
  <property name="stepIndex">10</property>
</record>
<record>
  <date>2020-01-13T16:23:14</date>
  <millis>1578912794418</millis>
  <sequence>175</sequence>
  <level>PASSED</level>
  <class>com.kms.katalon.core.logging.XmlKeywordLogger</class>
  <method>logMessage</method>
  <thread>1</thread>
  <message>Get CSS &amp;apos;font-size&amp;apos; value on &amp;apos;Object Repository/HeaderMenus/audiencemenu&amp;apos; successfully: &amp;apos;10px&amp;apos;.</message>
  <nestedLevel>1</nestedLevel>
</record>
<record>
  <date>2020-01-13T16:23:14</date>
  <millis>1578912794422</millis>
  <sequence>177</sequence>
  <level>PASSED</level>
  <class>com.kms.katalon.core.logging.XmlKeywordLogger</class>
  <method>logMessage</method>
  <thread>1</thread>
  <message>Actual text &amp;apos;10px&amp;apos; and expected text &amp;apos;10px&amp;apos; are matched  using regular expression</message>
  <nestedLevel>1</nestedLevel>
</record>
<record>
  <date>2020-01-13T16:23:14</date>
  <millis>1578912794424</millis>
  <sequence>178</sequence>
  <level>END</level>
  <class>com.kms.katalon.core.logging.XmlKeywordLogger</class>
  <method>endKeyword</method>
  <thread>1</thread>
  <message>End action : verifyMatch(getCSSValue(findTestObject(\&amp;quot;HeaderMenus/audiencemenu\&amp;quot;), \&amp;quot;font-size\&amp;quot;), excelfile.getValue(\&amp;quot;element_size\&amp;quot;, 2), true)</message>
  <nestedLevel>1</nestedLevel>
</record>
<record>
  <date>2020-01-13T16:23:14</date>
  <millis>1578912794426</millis>
  <sequence>179</sequence>
  <level>START</level>
  <class>com.kms.katalon.core.logging.XmlKeywordLogger</class>
  <method>startKeyword</method>
  <thread>1</thread>
  <message>Start action : verifyMatch(getText(findTestObject(\&amp;quot;HeaderMenus/audiencemenu\&amp;quot;), CONTINUE_ON_FAILURE), excelfile.getValue(\&amp;quot;element_text\&amp;quot;, 2), true)</message>
  <nestedLevel>1</nestedLevel>
  <property name="startLine">48</property>
  <property name="stepIndex">11</property>
</record>
<record>
  <date>2020-01-13T16:23:15</date>
  <millis>1578912795039</millis>
  <sequence>188</sequence>
  <level>PASSED</level>
  <class>com.kms.katalon.core.logging.XmlKeywordLogger</class>
  <method>logMessage</method>
  <thread>1</thread>
  <message>Text of object &amp;apos;Object Repository/HeaderMenus/audiencemenu&amp;apos; is: &amp;apos;AUDIENCE&amp;apos;</message>
  <nestedLevel>1</nestedLevel>
</record>
<record>
  <date>2020-01-13T16:23:15</date>
  <millis>1578912795075</millis>
  <sequence>190</sequence>
  <level>PASSED</level>
  <class>com.kms.katalon.core.logging.XmlKeywordLogger</class>
  <method>logMessage</method>
  <thread>1</thread>
  <message>Actual text &amp;apos;AUDIENCE&amp;apos; and expected text &amp;apos;AUDIENCE&amp;apos; are matched  using regular expression</message>
  <nestedLevel>1</nestedLevel>
</record>
<record>
  <date>2020-01-13T16:23:15</date>
  <millis>1578912795076</millis>
  <sequence>191</sequence>
  <level>END</level>
  <class>com.kms.katalon.core.logging.XmlKeywordLogger</class>
  <method>endKeyword</method>
  <thread>1</thread>
  <message>End action : verifyMatch(getText(findTestObject(\&amp;quot;HeaderMenus/audiencemenu\&amp;quot;), CONTINUE_ON_FAILURE), excelfile.getValue(\&amp;quot;element_text\&amp;quot;, 2), true)</message>
  <nestedLevel>1</nestedLevel>
</record>
<record>
  <date>2020-01-13T16:23:15</date>
  <millis>1578912795077</millis>
  <sequence>192</sequence>
  <level>START</level>
  <class>com.kms.katalon.core.logging.XmlKeywordLogger</class>
  <method>startKeyword</method>
  <thread>1</thread>
  <message>Start action : verifyEqual(getCSSValue(findTestObject(\&amp;quot;HeaderMenus/audiencemenuicon\&amp;quot;), \&amp;quot;d\&amp;quot;), excelfile.getValue(\&amp;quot;icon_value\&amp;quot;, 2), CONTINUE_ON_FAILURE)</message>
  <nestedLevel>1</nestedLevel>
  <property name="startLine">51</property>
  <property name="stepIndex">12</property>
</record>
<record>
  <date>2020-01-13T16:23:15</date>
  <millis>1578912795745</millis>
  <sequence>201</sequence>
  <level>PASSED</level>
  <class>com.kms.katalon.core.logging.XmlKeywordLogger</class>
  <method>logMessage</method>
  <thread>1</thread>
  <message>Get CSS &amp;apos;d&amp;apos; value on &amp;apos;Object Repository/HeaderMenus/audiencemenuicon&amp;apos; successfully: &amp;apos;path(\&amp;quot;M 11.13 8.524 C 11.47 8.254 11.495 7.896 11.27 7.419 A 19.186 19.186 0 0 1 10.46 5.445 A 3.194 3.194 0 0 1 10.414 3.553 C 10.663 2.631 11.37 2.013 12.348 1.883 C 13.057 1.789 13.733 1.859 14.335 2.28 C 15.233 2.908 15.4 3.811 15.295 4.79 C 15.199 5.698 14.858 6.54 14.419 7.344 C 14.044 8.032 14.185 8.469 14.931 8.753 C 15.418 8.938 15.935 9.047 16.438 9.191 C 16.645 9.251 16.859 9.294 17.055 9.377 C 17.435 9.539 17.716 9.797 17.763 10.225 C 17.813 10.675 17.954 11.53 18 12 H 12.72 C 12.7 11.577 12.681 11.265 12.662 11.064 C 12.623 10.651 12.598 10.264 12.569 9.999 C 12.484 9.22 12.052 8.843 11.229 8.562 A 1.79 1.79 0 0 1 11.13 8.524 Z M 0 12 C 0.09 10.737 0.097 10.387 0.298 9.767 C 0.423 9.381 0.743 9.131 1.135 9.012 C 1.693 8.843 2.265 8.719 2.825 8.557 A 6.36 6.36 0 0 0 3.805 8.207 C 4.508 7.87 4.625 7.382 4.297 6.685 A 23.013 23.013 0 0 1 3.324 4.316 A 3.831 3.831 0 0 1 3.269 2.047 C 3.567 0.942 4.416 0.2 5.59 0.044 C 6.44 -0.068 7.251 0.015 7.972 0.52 C 9.049 1.274 9.25 2.357 9.125 3.53 C 9.008 4.62 8.6 5.631 8.074 6.595 C 7.623 7.42 7.793 7.944 8.688 8.285 C 9.271 8.506 9.891 8.637 10.495 8.81 C 10.743 8.881 11 8.933 11.235 9.033 C 11.691 9.227 12.028 9.537 12.084 10.051 C 12.144 10.589 12.171 11.436 12.226 12 H 0 Z\&amp;quot;)&amp;apos;.</message>
  <nestedLevel>1</nestedLevel>
</record>
<record>
  <date>2020-01-13T16:23:15</date>
  <millis>1578912795755</millis>
  <sequence>203</sequence>
  <level>PASSED</level>
  <class>com.kms.katalon.core.logging.XmlKeywordLogger</class>
  <method>logMessage</method>
  <thread>1</thread>
  <message>Actual object &amp;apos;path(\&amp;quot;M 11.13 8.524 C 11.47 8.254 11.495 7.896 11.27 7.419 A 19.186 19.186 0 0 1 10.46 5.445 A 3.194 3.194 0 0 1 10.414 3.553 C 10.663 2.631 11.37 2.013 12.348 1.883 C 13.057 1.789 13.733 1.859 14.335 2.28 C 15.233 2.908 15.4 3.811 15.295 4.79 C 15.199 5.698 14.858 6.54 14.419 7.344 C 14.044 8.032 14.185 8.469 14.931 8.753 C 15.418 8.938 15.935 9.047 16.438 9.191 C 16.645 9.251 16.859 9.294 17.055 9.377 C 17.435 9.539 17.716 9.797 17.763 10.225 C 17.813 10.675 17.954 11.53 18 12 H 12.72 C 12.7 11.577 12.681 11.265 12.662 11.064 C 12.623 10.651 12.598 10.264 12.569 9.999 C 12.484 9.22 12.052 8.843 11.229 8.562 A 1.79 1.79 0 0 1 11.13 8.524 Z M 0 12 C 0.09 10.737 0.097 10.387 0.298 9.767 C 0.423 9.381 0.743 9.131 1.135 9.012 C 1.693 8.843 2.265 8.719 2.825 8.557 A 6.36 6.36 0 0 0 3.805 8.207 C 4.508 7.87 4.625 7.382 4.297 6.685 A 23.013 23.013 0 0 1 3.324 4.316 A 3.831 3.831 0 0 1 3.269 2.047 C 3.567 0.942 4.416 0.2 5.59 0.044 C 6.44 -0.068 7.251 0.015 7.972 0.52 C 9.049 1.274 9.25 2.357 9.125 3.53 C 9.008 4.62 8.6 5.631 8.074 6.595 C 7.623 7.42 7.793 7.944 8.688 8.285 C 9.271 8.506 9.891 8.637 10.495 8.81 C 10.743 8.881 11 8.933 11.235 9.033 C 11.691 9.227 12.028 9.537 12.084 10.051 C 12.144 10.589 12.171 11.436 12.226 12 H 0 Z\&amp;quot;)&amp;apos; and expected object &amp;apos;path(\&amp;quot;M 11.13 8.524 C 11.47 8.254 11.495 7.896 11.27 7.419 A 19.186 19.186 0 0 1 10.46 5.445 A 3.194 3.194 0 0 1 10.414 3.553 C 10.663 2.631 11.37 2.013 12.348 1.883 C 13.057 1.789 13.733 1.859 14.335 2.28 C 15.233 2.908 15.4 3.811 15.295 4.79 C 15.199 5.698 14.858 6.54 14.419 7.344 C 14.044 8.032 14.185 8.469 14.931 8.753 C 15.418 8.938 15.935 9.047 16.438 9.191 C 16.645 9.251 16.859 9.294 17.055 9.377 C 17.435 9.539 17.716 9.797 17.763 10.225 C 17.813 10.675 17.954 11.53 18 12 H 12.72 C 12.7 11.577 12.681 11.265 12.662 11.064 C 12.623 10.651 12.598 10.264 12.569 9.999 C 12.484 9.22 12.052 8.843 11.229 8.562 A 1.79 1.79 0 0 1 11.13 8.524 Z M 0 12 C 0.09 10.737 0.097 10.387 0.298 9.767 C 0.423 9.381 0.743 9.131 1.135 9.012 C 1.693 8.843 2.265 8.719 2.825 8.557 A 6.36 6.36 0 0 0 3.805 8.207 C 4.508 7.87 4.625 7.382 4.297 6.685 A 23.013 23.013 0 0 1 3.324 4.316 A 3.831 3.831 0 0 1 3.269 2.047 C 3.567 0.942 4.416 0.2 5.59 0.044 C 6.44 -0.068 7.251 0.015 7.972 0.52 C 9.049 1.274 9.25 2.357 9.125 3.53 C 9.008 4.62 8.6 5.631 8.074 6.595 C 7.623 7.42 7.793 7.944 8.688 8.285 C 9.271 8.506 9.891 8.637 10.495 8.81 C 10.743 8.881 11 8.933 11.235 9.033 C 11.691 9.227 12.028 9.537 12.084 10.051 C 12.144 10.589 12.171 11.436 12.226 12 H 0 Z\&amp;quot;)&amp;apos; are equal</message>
  <nestedLevel>1</nestedLevel>
</record>
<record>
  <date>2020-01-13T16:23:15</date>
  <millis>1578912795757</millis>
  <sequence>204</sequence>
  <level>END</level>
  <class>com.kms.katalon.core.logging.XmlKeywordLogger</class>
  <method>endKeyword</method>
  <thread>1</thread>
  <message>End action : verifyEqual(getCSSValue(findTestObject(\&amp;quot;HeaderMenus/audiencemenuicon\&amp;quot;), \&amp;quot;d\&amp;quot;), excelfile.getValue(\&amp;quot;icon_value\&amp;quot;, 2), CONTINUE_ON_FAILURE)</message>
  <nestedLevel>1</nestedLevel>
</record>
<record>
  <date>2020-01-13T16:23:15</date>
  <millis>1578912795757</millis>
  <sequence>205</sequence>
  <level>START</level>
  <class>com.kms.katalon.core.logging.XmlKeywordLogger</class>
  <method>startKeyword</method>
  <thread>1</thread>
  <message>Start action : click(findTestObject(\&amp;quot;HeaderMenus/contentmeu\&amp;quot;))</message>
  <nestedLevel>1</nestedLevel>
  <property name="startLine">54</property>
  <property name="stepIndex">13</property>
</record>
<record>
  <date>2020-01-13T16:23:16</date>
  <millis>1578912796420</millis>
  <sequence>216</sequence>
  <level>PASSED</level>
  <class>com.kms.katalon.core.logging.XmlKeywordLogger</class>
  <method>logMessage</method>
  <thread>1</thread>
  <message>Object: &amp;apos;Object Repository/HeaderMenus/contentmeu&amp;apos; is clicked on</message>
  <nestedLevel>1</nestedLevel>
</record>
<record>
  <date>2020-01-13T16:23:16</date>
  <millis>1578912796420</millis>
  <sequence>217</sequence>
  <level>END</level>
  <class>com.kms.katalon.core.logging.XmlKeywordLogger</class>
  <method>endKeyword</method>
  <thread>1</thread>
  <message>End action : click(findTestObject(\&amp;quot;HeaderMenus/contentmeu\&amp;quot;))</message>
  <nestedLevel>1</nestedLevel>
</record>
<record>
  <date>2020-01-13T16:23:16</date>
  <millis>1578912796421</millis>
  <sequence>218</sequence>
  <level>START</level>
  <class>com.kms.katalon.core.logging.XmlKeywordLogger</class>
  <method>startKeyword</method>
  <thread>1</thread>
  <message>Start action : verifyEqual(getCSSValue(findTestObject(\&amp;quot;HeaderMenus/contentmeu\&amp;quot;), \&amp;quot;color\&amp;quot;), excelfile.getValue(\&amp;quot;element_color_in_RGBA\&amp;quot;, 3))</message>
  <nestedLevel>1</nestedLevel>
  <property name="startLine">56</property>
  <property name="stepIndex">14</property>
</record>
<record>
  <date>2020-01-13T16:23:17</date>
  <millis>1578912797343</millis>
  <sequence>227</sequence>
  <level>PASSED</level>
  <class>com.kms.katalon.core.logging.XmlKeywordLogger</class>
  <method>logMessage</method>
  <thread>1</thread>
  <message>Get CSS &amp;apos;color&amp;apos; value on &amp;apos;Object Repository/HeaderMenus/contentmeu&amp;apos; successfully: &amp;apos;rgba(27, 32, 92, 1)&amp;apos;.</message>
  <nestedLevel>1</nestedLevel>
</record>
<record>
  <date>2020-01-13T16:23:17</date>
  <millis>1578912797401</millis>
  <sequence>229</sequence>
  <level>PASSED</level>
  <class>com.kms.katalon.core.logging.XmlKeywordLogger</class>
  <method>logMessage</method>
  <thread>1</thread>
  <message>Actual object &amp;apos;rgba(27, 32, 92, 1)&amp;apos; and expected object &amp;apos;rgba(27, 32, 92, 1)&amp;apos; are equal</message>
  <nestedLevel>1</nestedLevel>
</record>
<record>
  <date>2020-01-13T16:23:17</date>
  <millis>1578912797414</millis>
  <sequence>230</sequence>
  <level>END</level>
  <class>com.kms.katalon.core.logging.XmlKeywordLogger</class>
  <method>endKeyword</method>
  <thread>1</thread>
  <message>End action : verifyEqual(getCSSValue(findTestObject(\&amp;quot;HeaderMenus/contentmeu\&amp;quot;), \&amp;quot;color\&amp;quot;), excelfile.getValue(\&amp;quot;element_color_in_RGBA\&amp;quot;, 3))</message>
  <nestedLevel>1</nestedLevel>
</record>
<record>
  <date>2020-01-13T16:23:17</date>
  <millis>1578912797415</millis>
  <sequence>231</sequence>
  <level>START</level>
  <class>com.kms.katalon.core.logging.XmlKeywordLogger</class>
  <method>startKeyword</method>
  <thread>1</thread>
  <message>Start action : verifyMatch(getCSSValue(findTestObject(\&amp;quot;HeaderMenus/contentmeu\&amp;quot;), \&amp;quot;font-size\&amp;quot;), excelfile.getValue(\&amp;quot;element_size\&amp;quot;, 3), true)</message>
  <nestedLevel>1</nestedLevel>
  <property name="startLine">59</property>
  <property name="stepIndex">15</property>
</record>
<record>
  <date>2020-01-13T16:23:21</date>
  <millis>1578912801439</millis>
  <sequence>240</sequence>
  <level>PASSED</level>
  <class>com.kms.katalon.core.logging.XmlKeywordLogger</class>
  <method>logMessage</method>
  <thread>1</thread>
  <message>Get CSS &amp;apos;font-size&amp;apos; value on &amp;apos;Object Repository/HeaderMenus/contentmeu&amp;apos; successfully: &amp;apos;10px&amp;apos;.</message>
  <nestedLevel>1</nestedLevel>
</record>
<record>
  <date>2020-01-13T16:23:21</date>
  <millis>1578912801553</millis>
  <sequence>242</sequence>
  <level>PASSED</level>
  <class>com.kms.katalon.core.logging.XmlKeywordLogger</class>
  <method>logMessage</method>
  <thread>1</thread>
  <message>Actual text &amp;apos;10px&amp;apos; and expected text &amp;apos;10px&amp;apos; are matched  using regular expression</message>
  <nestedLevel>1</nestedLevel>
</record>
<record>
  <date>2020-01-13T16:23:21</date>
  <millis>1578912801558</millis>
  <sequence>243</sequence>
  <level>END</level>
  <class>com.kms.katalon.core.logging.XmlKeywordLogger</class>
  <method>endKeyword</method>
  <thread>1</thread>
  <message>End action : verifyMatch(getCSSValue(findTestObject(\&amp;quot;HeaderMenus/contentmeu\&amp;quot;), \&amp;quot;font-size\&amp;quot;), excelfile.getValue(\&amp;quot;element_size\&amp;quot;, 3), true)</message>
  <nestedLevel>1</nestedLevel>
</record>
<record>
  <date>2020-01-13T16:23:21</date>
  <millis>1578912801558</millis>
  <sequence>244</sequence>
  <level>START</level>
  <class>com.kms.katalon.core.logging.XmlKeywordLogger</class>
  <method>startKeyword</method>
  <thread>1</thread>
  <message>Start action : verifyMatch(getText(findTestObject(\&amp;quot;HeaderMenus/contentmeu\&amp;quot;), CONTINUE_ON_FAILURE), excelfile.getValue(\&amp;quot;element_text\&amp;quot;, 3), true)</message>
  <nestedLevel>1</nestedLevel>
  <property name="startLine">62</property>
  <property name="stepIndex">16</property>
</record>
<record>
  <date>2020-01-13T16:23:22</date>
  <millis>1578912802912</millis>
  <sequence>253</sequence>
  <level>PASSED</level>
  <class>com.kms.katalon.core.logging.XmlKeywordLogger</class>
  <method>logMessage</method>
  <thread>1</thread>
  <message>Text of object &amp;apos;Object Repository/HeaderMenus/contentmeu&amp;apos; is: &amp;apos;CONTENT&amp;apos;</message>
  <nestedLevel>1</nestedLevel>
</record>
<record>
  <date>2020-01-13T16:23:22</date>
  <millis>1578912802931</millis>
  <sequence>255</sequence>
  <level>PASSED</level>
  <class>com.kms.katalon.core.logging.XmlKeywordLogger</class>
  <method>logMessage</method>
  <thread>1</thread>
  <message>Actual text &amp;apos;CONTENT&amp;apos; and expected text &amp;apos;CONTENT&amp;apos; are matched  using regular expression</message>
  <nestedLevel>1</nestedLevel>
</record>
<record>
  <date>2020-01-13T16:23:22</date>
  <millis>1578912802937</millis>
  <sequence>256</sequence>
  <level>END</level>
  <class>com.kms.katalon.core.logging.XmlKeywordLogger</class>
  <method>endKeyword</method>
  <thread>1</thread>
  <message>End action : verifyMatch(getText(findTestObject(\&amp;quot;HeaderMenus/contentmeu\&amp;quot;), CONTINUE_ON_FAILURE), excelfile.getValue(\&amp;quot;element_text\&amp;quot;, 3), true)</message>
  <nestedLevel>1</nestedLevel>
</record>
<record>
  <date>2020-01-13T16:23:22</date>
  <millis>1578912802938</millis>
  <sequence>257</sequence>
  <level>START</level>
  <class>com.kms.katalon.core.logging.XmlKeywordLogger</class>
  <method>startKeyword</method>
  <thread>1</thread>
  <message>Start action : verifyEqual(getCSSValue(findTestObject(\&amp;quot;HeaderMenus/contentmenuicon\&amp;quot;), \&amp;quot;d\&amp;quot;), excelfile.getValue(\&amp;quot;icon_value\&amp;quot;, 3), CONTINUE_ON_FAILURE)</message>
  <nestedLevel>1</nestedLevel>
  <property name="startLine">65</property>
  <property name="stepIndex">17</property>
</record>
<record>
  <date>2020-01-13T16:23:23</date>
  <millis>1578912803499</millis>
  <sequence>266</sequence>
  <level>PASSED</level>
  <class>com.kms.katalon.core.logging.XmlKeywordLogger</class>
  <method>logMessage</method>
  <thread>1</thread>
  <message>Get CSS &amp;apos;d&amp;apos; value on &amp;apos;Object Repository/HeaderMenus/contentmenuicon&amp;apos; successfully: &amp;apos;path(\&amp;quot;M 0 8.833 V 0.5 A 0.5 0.5 0 0 1 0.5 0 H 8.833 A 0.5 0.5 0 0 1 9.333 0.5 V 8.833 A 0.5 0.5 0 0 1 8.833 9.333 H 0.5 A 0.5 0.5 0 0 1 0 8.833 Z M 3.468 11.617 V 10.426 H 9.853 A 0.55 0.55 0 0 0 10.425 9.853 V 3.468 H 11.617 V 11.618 H 3.468 Z M 14 14 H 5.851 V 12.809 H 12.236 A 0.55 0.55 0 0 0 12.808 12.236 V 5.851 H 14 V 14 Z\&amp;quot;)&amp;apos;.</message>
  <nestedLevel>1</nestedLevel>
</record>
<record>
  <date>2020-01-13T16:23:23</date>
  <millis>1578912803503</millis>
  <sequence>268</sequence>
  <level>PASSED</level>
  <class>com.kms.katalon.core.logging.XmlKeywordLogger</class>
  <method>logMessage</method>
  <thread>1</thread>
  <message>Actual object &amp;apos;path(\&amp;quot;M 0 8.833 V 0.5 A 0.5 0.5 0 0 1 0.5 0 H 8.833 A 0.5 0.5 0 0 1 9.333 0.5 V 8.833 A 0.5 0.5 0 0 1 8.833 9.333 H 0.5 A 0.5 0.5 0 0 1 0 8.833 Z M 3.468 11.617 V 10.426 H 9.853 A 0.55 0.55 0 0 0 10.425 9.853 V 3.468 H 11.617 V 11.618 H 3.468 Z M 14 14 H 5.851 V 12.809 H 12.236 A 0.55 0.55 0 0 0 12.808 12.236 V 5.851 H 14 V 14 Z\&amp;quot;)&amp;apos; and expected object &amp;apos;path(\&amp;quot;M 0 8.833 V 0.5 A 0.5 0.5 0 0 1 0.5 0 H 8.833 A 0.5 0.5 0 0 1 9.333 0.5 V 8.833 A 0.5 0.5 0 0 1 8.833 9.333 H 0.5 A 0.5 0.5 0 0 1 0 8.833 Z M 3.468 11.617 V 10.426 H 9.853 A 0.55 0.55 0 0 0 10.425 9.853 V 3.468 H 11.617 V 11.618 H 3.468 Z M 14 14 H 5.851 V 12.809 H 12.236 A 0.55 0.55 0 0 0 12.808 12.236 V 5.851 H 14 V 14 Z\&amp;quot;)&amp;apos; are equal</message>
  <nestedLevel>1</nestedLevel>
</record>
<record>
  <date>2020-01-13T16:23:23</date>
  <millis>1578912803504</millis>
  <sequence>269</sequence>
  <level>END</level>
  <class>com.kms.katalon.core.logging.XmlKeywordLogger</class>
  <method>endKeyword</method>
  <thread>1</thread>
  <message>End action : verifyEqual(getCSSValue(findTestObject(\&amp;quot;HeaderMenus/contentmenuicon\&amp;quot;), \&amp;quot;d\&amp;quot;), excelfile.getValue(\&amp;quot;icon_value\&amp;quot;, 3), CONTINUE_ON_FAILURE)</message>
  <nestedLevel>1</nestedLevel>
</record>
<record>
  <date>2020-01-13T16:23:23</date>
  <millis>1578912803504</millis>
  <sequence>270</sequence>
  <level>START</level>
  <class>com.kms.katalon.core.logging.XmlKeywordLogger</class>
  <method>startKeyword</method>
  <thread>1</thread>
  <message>Start action : click(findTestObject(\&amp;quot;HeaderMenus/messagingmenu\&amp;quot;))</message>
  <nestedLevel>1</nestedLevel>
  <property name="startLine">68</property>
  <property name="stepIndex">18</property>
</record>
<record>
  <date>2020-01-13T16:23:24</date>
  <millis>1578912804117</millis>
  <sequence>281</sequence>
  <level>PASSED</level>
  <class>com.kms.katalon.core.logging.XmlKeywordLogger</class>
  <method>logMessage</method>
  <thread>1</thread>
  <message>Object: &amp;apos;Object Repository/HeaderMenus/messagingmenu&amp;apos; is clicked on</message>
  <nestedLevel>1</nestedLevel>
</record>
<record>
  <date>2020-01-13T16:23:24</date>
  <millis>1578912804118</millis>
  <sequence>282</sequence>
  <level>END</level>
  <class>com.kms.katalon.core.logging.XmlKeywordLogger</class>
  <method>endKeyword</method>
  <thread>1</thread>
  <message>End action : click(findTestObject(\&amp;quot;HeaderMenus/messagingmenu\&amp;quot;))</message>
  <nestedLevel>1</nestedLevel>
</record>
<record>
  <date>2020-01-13T16:23:24</date>
  <millis>1578912804119</millis>
  <sequence>283</sequence>
  <level>START</level>
  <class>com.kms.katalon.core.logging.XmlKeywordLogger</class>
  <method>startKeyword</method>
  <thread>1</thread>
  <message>Start action : verifyEqual(getCSSValue(findTestObject(\&amp;quot;HeaderMenus/messagingmenu\&amp;quot;), \&amp;quot;color\&amp;quot;), excelfile.getValue(\&amp;quot;element_color_in_RGBA\&amp;quot;, 4))</message>
  <nestedLevel>1</nestedLevel>
  <property name="startLine">70</property>
  <property name="stepIndex">19</property>
</record>
<record>
  <date>2020-01-13T16:23:25</date>
  <millis>1578912805694</millis>
  <sequence>292</sequence>
  <level>PASSED</level>
  <class>com.kms.katalon.core.logging.XmlKeywordLogger</class>
  <method>logMessage</method>
  <thread>1</thread>
  <message>Get CSS &amp;apos;color&amp;apos; value on &amp;apos;Object Repository/HeaderMenus/messagingmenu&amp;apos; successfully: &amp;apos;rgba(27, 32, 92, 1)&amp;apos;.</message>
  <nestedLevel>1</nestedLevel>
</record>
<record>
  <date>2020-01-13T16:23:25</date>
  <millis>1578912805698</millis>
  <sequence>294</sequence>
  <level>PASSED</level>
  <class>com.kms.katalon.core.logging.XmlKeywordLogger</class>
  <method>logMessage</method>
  <thread>1</thread>
  <message>Actual object &amp;apos;rgba(27, 32, 92, 1)&amp;apos; and expected object &amp;apos;rgba(27, 32, 92, 1)&amp;apos; are equal</message>
  <nestedLevel>1</nestedLevel>
</record>
<record>
  <date>2020-01-13T16:23:25</date>
  <millis>1578912805699</millis>
  <sequence>295</sequence>
  <level>END</level>
  <class>com.kms.katalon.core.logging.XmlKeywordLogger</class>
  <method>endKeyword</method>
  <thread>1</thread>
  <message>End action : verifyEqual(getCSSValue(findTestObject(\&amp;quot;HeaderMenus/messagingmenu\&amp;quot;), \&amp;quot;color\&amp;quot;), excelfile.getValue(\&amp;quot;element_color_in_RGBA\&amp;quot;, 4))</message>
  <nestedLevel>1</nestedLevel>
</record>
<record>
  <date>2020-01-13T16:23:25</date>
  <millis>1578912805699</millis>
  <sequence>296</sequence>
  <level>START</level>
  <class>com.kms.katalon.core.logging.XmlKeywordLogger</class>
  <method>startKeyword</method>
  <thread>1</thread>
  <message>Start action : verifyMatch(getCSSValue(findTestObject(\&amp;quot;HeaderMenus/messagingmenu\&amp;quot;), \&amp;quot;font-size\&amp;quot;), excelfile.getValue(\&amp;quot;element_size\&amp;quot;, 4), true)</message>
  <nestedLevel>1</nestedLevel>
  <property name="startLine">73</property>
  <property name="stepIndex">20</property>
</record>
<record>
  <date>2020-01-13T16:23:26</date>
  <millis>1578912806111</millis>
  <sequence>305</sequence>
  <level>PASSED</level>
  <class>com.kms.katalon.core.logging.XmlKeywordLogger</class>
  <method>logMessage</method>
  <thread>1</thread>
  <message>Get CSS &amp;apos;font-size&amp;apos; value on &amp;apos;Object Repository/HeaderMenus/messagingmenu&amp;apos; successfully: &amp;apos;10px&amp;apos;.</message>
  <nestedLevel>1</nestedLevel>
</record>
<record>
  <date>2020-01-13T16:23:26</date>
  <millis>1578912806114</millis>
  <sequence>307</sequence>
  <level>PASSED</level>
  <class>com.kms.katalon.core.logging.XmlKeywordLogger</class>
  <method>logMessage</method>
  <thread>1</thread>
  <message>Actual text &amp;apos;10px&amp;apos; and expected text &amp;apos;10px&amp;apos; are matched  using regular expression</message>
  <nestedLevel>1</nestedLevel>
</record>
<record>
  <date>2020-01-13T16:23:26</date>
  <millis>1578912806114</millis>
  <sequence>308</sequence>
  <level>END</level>
  <class>com.kms.katalon.core.logging.XmlKeywordLogger</class>
  <method>endKeyword</method>
  <thread>1</thread>
  <message>End action : verifyMatch(getCSSValue(findTestObject(\&amp;quot;HeaderMenus/messagingmenu\&amp;quot;), \&amp;quot;font-size\&amp;quot;), excelfile.getValue(\&amp;quot;element_size\&amp;quot;, 4), true)</message>
  <nestedLevel>1</nestedLevel>
</record>
<record>
  <date>2020-01-13T16:23:26</date>
  <millis>1578912806115</millis>
  <sequence>309</sequence>
  <level>START</level>
  <class>com.kms.katalon.core.logging.XmlKeywordLogger</class>
  <method>startKeyword</method>
  <thread>1</thread>
  <message>Start action : verifyMatch(getText(findTestObject(\&amp;quot;HeaderMenus/messagingmenu\&amp;quot;), CONTINUE_ON_FAILURE), excelfile.getValue(\&amp;quot;element_text\&amp;quot;, 4), true)</message>
  <nestedLevel>1</nestedLevel>
  <property name="startLine">76</property>
  <property name="stepIndex">21</property>
</record>
<record>
  <date>2020-01-13T16:23:26</date>
  <millis>1578912806519</millis>
  <sequence>318</sequence>
  <level>PASSED</level>
  <class>com.kms.katalon.core.logging.XmlKeywordLogger</class>
  <method>logMessage</method>
  <thread>1</thread>
  <message>Text of object &amp;apos;Object Repository/HeaderMenus/messagingmenu&amp;apos; is: &amp;apos;MESSAGING&amp;apos;</message>
  <nestedLevel>1</nestedLevel>
</record>
<record>
  <date>2020-01-13T16:23:26</date>
  <millis>1578912806522</millis>
  <sequence>320</sequence>
  <level>PASSED</level>
  <class>com.kms.katalon.core.logging.XmlKeywordLogger</class>
  <method>logMessage</method>
  <thread>1</thread>
  <message>Actual text &amp;apos;MESSAGING&amp;apos; and expected text &amp;apos;MESSAGING&amp;apos; are matched  using regular expression</message>
  <nestedLevel>1</nestedLevel>
</record>
<record>
  <date>2020-01-13T16:23:26</date>
  <millis>1578912806523</millis>
  <sequence>321</sequence>
  <level>END</level>
  <class>com.kms.katalon.core.logging.XmlKeywordLogger</class>
  <method>endKeyword</method>
  <thread>1</thread>
  <message>End action : verifyMatch(getText(findTestObject(\&amp;quot;HeaderMenus/messagingmenu\&amp;quot;), CONTINUE_ON_FAILURE), excelfile.getValue(\&amp;quot;element_text\&amp;quot;, 4), true)</message>
  <nestedLevel>1</nestedLevel>
</record>
<record>
  <date>2020-01-13T16:23:26</date>
  <millis>1578912806524</millis>
  <sequence>322</sequence>
  <level>START</level>
  <class>com.kms.katalon.core.logging.XmlKeywordLogger</class>
  <method>startKeyword</method>
  <thread>1</thread>
  <message>Start action : verifyEqual(getCSSValue(findTestObject(\&amp;quot;HeaderMenus/messagingmenuicon\&amp;quot;), \&amp;quot;d\&amp;quot;), excelfile.getValue(\&amp;quot;icon_value\&amp;quot;, 4), CONTINUE_ON_FAILURE)</message>
  <nestedLevel>1</nestedLevel>
  <property name="startLine">79</property>
  <property name="stepIndex">22</property>
</record>
<record>
  <date>2020-01-13T16:23:26</date>
  <millis>1578912806994</millis>
  <sequence>331</sequence>
  <level>PASSED</level>
  <class>com.kms.katalon.core.logging.XmlKeywordLogger</class>
  <method>logMessage</method>
  <thread>1</thread>
  <message>Get CSS &amp;apos;d&amp;apos; value on &amp;apos;Object Repository/HeaderMenus/messagingmenuicon&amp;apos; successfully: &amp;apos;path(\&amp;quot;M 0.215 10.83 C -0.374 9.51 0.288 7.969 1.686 7.404 L 4.42 6.301 L 6.788 11.608 L 6.518 11.718 L 7.508 13.935 L 4.87 15 L 3.873 12.767 C 2.499 13.216 1.004 12.597 0.443 11.339 L 0.215 10.829 Z M 11.132 0.012 C 11.302 0.052 11.442 0.155 11.509 0.306 L 15.95 10.259 C 15.977 10.319 16.004 10.379 16 10.453 C 16.005 10.719 15.765 10.942 15.485 10.947 L 7.135 11.476 L 4.772 6.15 L 10.664 0.148 A 0.507 0.507 0 0 1 11.132 0.013 Z\&amp;quot;)&amp;apos;.</message>
  <nestedLevel>1</nestedLevel>
</record>
<record>
  <date>2020-01-13T16:23:26</date>
  <millis>1578912806998</millis>
  <sequence>333</sequence>
  <level>PASSED</level>
  <class>com.kms.katalon.core.logging.XmlKeywordLogger</class>
  <method>logMessage</method>
  <thread>1</thread>
  <message>Actual object &amp;apos;path(\&amp;quot;M 0.215 10.83 C -0.374 9.51 0.288 7.969 1.686 7.404 L 4.42 6.301 L 6.788 11.608 L 6.518 11.718 L 7.508 13.935 L 4.87 15 L 3.873 12.767 C 2.499 13.216 1.004 12.597 0.443 11.339 L 0.215 10.829 Z M 11.132 0.012 C 11.302 0.052 11.442 0.155 11.509 0.306 L 15.95 10.259 C 15.977 10.319 16.004 10.379 16 10.453 C 16.005 10.719 15.765 10.942 15.485 10.947 L 7.135 11.476 L 4.772 6.15 L 10.664 0.148 A 0.507 0.507 0 0 1 11.132 0.013 Z\&amp;quot;)&amp;apos; and expected object &amp;apos;path(\&amp;quot;M 0.215 10.83 C -0.374 9.51 0.288 7.969 1.686 7.404 L 4.42 6.301 L 6.788 11.608 L 6.518 11.718 L 7.508 13.935 L 4.87 15 L 3.873 12.767 C 2.499 13.216 1.004 12.597 0.443 11.339 L 0.215 10.829 Z M 11.132 0.012 C 11.302 0.052 11.442 0.155 11.509 0.306 L 15.95 10.259 C 15.977 10.319 16.004 10.379 16 10.453 C 16.005 10.719 15.765 10.942 15.485 10.947 L 7.135 11.476 L 4.772 6.15 L 10.664 0.148 A 0.507 0.507 0 0 1 11.132 0.013 Z\&amp;quot;)&amp;apos; are equal</message>
  <nestedLevel>1</nestedLevel>
</record>
<record>
  <date>2020-01-13T16:23:26</date>
  <millis>1578912806999</millis>
  <sequence>334</sequence>
  <level>END</level>
  <class>com.kms.katalon.core.logging.XmlKeywordLogger</class>
  <method>endKeyword</method>
  <thread>1</thread>
  <message>End action : verifyEqual(getCSSValue(findTestObject(\&amp;quot;HeaderMenus/messagingmenuicon\&amp;quot;), \&amp;quot;d\&amp;quot;), excelfile.getValue(\&amp;quot;icon_value\&amp;quot;, 4), CONTINUE_ON_FAILURE)</message>
  <nestedLevel>1</nestedLevel>
</record>
<record>
  <date>2020-01-13T16:23:27</date>
  <millis>1578912807000</millis>
  <sequence>335</sequence>
  <level>START</level>
  <class>com.kms.katalon.core.logging.XmlKeywordLogger</class>
  <method>startKeyword</method>
  <thread>1</thread>
  <message>Start action : click(findTestObject(\&amp;quot;HeaderMenus/reportingmenu\&amp;quot;))</message>
  <nestedLevel>1</nestedLevel>
  <property name="startLine">82</property>
  <property name="stepIndex">23</property>
</record>
<record>
  <date>2020-01-13T16:23:27</date>
  <millis>1578912807607</millis>
  <sequence>346</sequence>
  <level>PASSED</level>
  <class>com.kms.katalon.core.logging.XmlKeywordLogger</class>
  <method>logMessage</method>
  <thread>1</thread>
  <message>Object: &amp;apos;Object Repository/HeaderMenus/reportingmenu&amp;apos; is clicked on</message>
  <nestedLevel>1</nestedLevel>
</record>
<record>
  <date>2020-01-13T16:23:27</date>
  <millis>1578912807608</millis>
  <sequence>347</sequence>
  <level>END</level>
  <class>com.kms.katalon.core.logging.XmlKeywordLogger</class>
  <method>endKeyword</method>
  <thread>1</thread>
  <message>End action : click(findTestObject(\&amp;quot;HeaderMenus/reportingmenu\&amp;quot;))</message>
  <nestedLevel>1</nestedLevel>
</record>
<record>
  <date>2020-01-13T16:23:27</date>
  <millis>1578912807609</millis>
  <sequence>348</sequence>
  <level>START</level>
  <class>com.kms.katalon.core.logging.XmlKeywordLogger</class>
  <method>startKeyword</method>
  <thread>1</thread>
  <message>Start action : verifyEqual(getCSSValue(findTestObject(\&amp;quot;HeaderMenus/reportingmenu\&amp;quot;), \&amp;quot;color\&amp;quot;), excelfile.getValue(\&amp;quot;element_color_in_RGBA\&amp;quot;, 5))</message>
  <nestedLevel>1</nestedLevel>
  <property name="startLine">84</property>
  <property name="stepIndex">24</property>
</record>
<record>
  <date>2020-01-13T16:23:28</date>
  <millis>1578912808097</millis>
  <sequence>357</sequence>
  <level>PASSED</level>
  <class>com.kms.katalon.core.logging.XmlKeywordLogger</class>
  <method>logMessage</method>
  <thread>1</thread>
  <message>Get CSS &amp;apos;color&amp;apos; value on &amp;apos;Object Repository/HeaderMenus/reportingmenu&amp;apos; successfully: &amp;apos;rgba(27, 32, 92, 1)&amp;apos;.</message>
  <nestedLevel>1</nestedLevel>
</record>
<record>
  <date>2020-01-13T16:23:28</date>
  <millis>1578912808196</millis>
  <sequence>359</sequence>
  <level>PASSED</level>
  <class>com.kms.katalon.core.logging.XmlKeywordLogger</class>
  <method>logMessage</method>
  <thread>1</thread>
  <message>Actual object &amp;apos;rgba(27, 32, 92, 1)&amp;apos; and expected object &amp;apos;rgba(27, 32, 92, 1)&amp;apos; are equal</message>
  <nestedLevel>1</nestedLevel>
</record>
<record>
  <date>2020-01-13T16:23:28</date>
  <millis>1578912808320</millis>
  <sequence>360</sequence>
  <level>END</level>
  <class>com.kms.katalon.core.logging.XmlKeywordLogger</class>
  <method>endKeyword</method>
  <thread>1</thread>
  <message>End action : verifyEqual(getCSSValue(findTestObject(\&amp;quot;HeaderMenus/reportingmenu\&amp;quot;), \&amp;quot;color\&amp;quot;), excelfile.getValue(\&amp;quot;element_color_in_RGBA\&amp;quot;, 5))</message>
  <nestedLevel>1</nestedLevel>
</record>
<record>
  <date>2020-01-13T16:23:28</date>
  <millis>1578912808430</millis>
  <sequence>361</sequence>
  <level>START</level>
  <class>com.kms.katalon.core.logging.XmlKeywordLogger</class>
  <method>startKeyword</method>
  <thread>1</thread>
  <message>Start action : verifyMatch(getCSSValue(findTestObject(\&amp;quot;HeaderMenus/reportingmenu\&amp;quot;), \&amp;quot;font-size\&amp;quot;), excelfile.getValue(\&amp;quot;element_size\&amp;quot;, 5), true)</message>
  <nestedLevel>1</nestedLevel>
  <property name="startLine">87</property>
  <property name="stepIndex">25</property>
</record>
<record>
  <date>2020-01-13T16:23:30</date>
  <millis>1578912810682</millis>
  <sequence>370</sequence>
  <level>PASSED</level>
  <class>com.kms.katalon.core.logging.XmlKeywordLogger</class>
  <method>logMessage</method>
  <thread>1</thread>
  <message>Get CSS &amp;apos;font-size&amp;apos; value on &amp;apos;Object Repository/HeaderMenus/reportingmenu&amp;apos; successfully: &amp;apos;10px&amp;apos;.</message>
  <nestedLevel>1</nestedLevel>
</record>
<record>
  <date>2020-01-13T16:23:30</date>
  <millis>1578912810736</millis>
  <sequence>372</sequence>
  <level>PASSED</level>
  <class>com.kms.katalon.core.logging.XmlKeywordLogger</class>
  <method>logMessage</method>
  <thread>1</thread>
  <message>Actual text &amp;apos;10px&amp;apos; and expected text &amp;apos;10px&amp;apos; are matched  using regular expression</message>
  <nestedLevel>1</nestedLevel>
</record>
<record>
  <date>2020-01-13T16:23:30</date>
  <millis>1578912810739</millis>
  <sequence>373</sequence>
  <level>END</level>
  <class>com.kms.katalon.core.logging.XmlKeywordLogger</class>
  <method>endKeyword</method>
  <thread>1</thread>
  <message>End action : verifyMatch(getCSSValue(findTestObject(\&amp;quot;HeaderMenus/reportingmenu\&amp;quot;), \&amp;quot;font-size\&amp;quot;), excelfile.getValue(\&amp;quot;element_size\&amp;quot;, 5), true)</message>
  <nestedLevel>1</nestedLevel>
</record>
<record>
  <date>2020-01-13T16:23:30</date>
  <millis>1578912810740</millis>
  <sequence>374</sequence>
  <level>START</level>
  <class>com.kms.katalon.core.logging.XmlKeywordLogger</class>
  <method>startKeyword</method>
  <thread>1</thread>
  <message>Start action : verifyMatch(getText(findTestObject(\&amp;quot;HeaderMenus/reportingmenu\&amp;quot;), CONTINUE_ON_FAILURE), excelfile.getValue(\&amp;quot;element_text\&amp;quot;, 5), true)</message>
  <nestedLevel>1</nestedLevel>
  <property name="startLine">90</property>
  <property name="stepIndex">26</property>
</record>
<record>
  <date>2020-01-13T16:23:31</date>
  <millis>1578912811454</millis>
  <sequence>383</sequence>
  <level>PASSED</level>
  <class>com.kms.katalon.core.logging.XmlKeywordLogger</class>
  <method>logMessage</method>
  <thread>1</thread>
  <message>Text of object &amp;apos;Object Repository/HeaderMenus/reportingmenu&amp;apos; is: &amp;apos;REPORTING&amp;apos;</message>
  <nestedLevel>1</nestedLevel>
</record>
<record>
  <date>2020-01-13T16:23:31</date>
  <millis>1578912811458</millis>
  <sequence>385</sequence>
  <level>PASSED</level>
  <class>com.kms.katalon.core.logging.XmlKeywordLogger</class>
  <method>logMessage</method>
  <thread>1</thread>
  <message>Actual text &amp;apos;REPORTING&amp;apos; and expected text &amp;apos;REPORTING&amp;apos; are matched  using regular expression</message>
  <nestedLevel>1</nestedLevel>
</record>
<record>
  <date>2020-01-13T16:23:31</date>
  <millis>1578912811459</millis>
  <sequence>386</sequence>
  <level>END</level>
  <class>com.kms.katalon.core.logging.XmlKeywordLogger</class>
  <method>endKeyword</method>
  <thread>1</thread>
  <message>End action : verifyMatch(getText(findTestObject(\&amp;quot;HeaderMenus/reportingmenu\&amp;quot;), CONTINUE_ON_FAILURE), excelfile.getValue(\&amp;quot;element_text\&amp;quot;, 5), true)</message>
  <nestedLevel>1</nestedLevel>
</record>
<record>
  <date>2020-01-13T16:23:31</date>
  <millis>1578912811460</millis>
  <sequence>387</sequence>
  <level>START</level>
  <class>com.kms.katalon.core.logging.XmlKeywordLogger</class>
  <method>startKeyword</method>
  <thread>1</thread>
  <message>Start action : verifyEqual(getCSSValue(findTestObject(\&amp;quot;HeaderMenus/reportingmenuicon\&amp;quot;), \&amp;quot;d\&amp;quot;), excelfile.getValue(\&amp;quot;icon_value\&amp;quot;, 5), STOP_ON_FAILURE)</message>
  <nestedLevel>1</nestedLevel>
  <property name="startLine">93</property>
  <property name="stepIndex">27</property>
</record>
<record>
  <date>2020-01-13T16:23:32</date>
  <millis>1578912812055</millis>
  <sequence>396</sequence>
  <level>PASSED</level>
  <class>com.kms.katalon.core.logging.XmlKeywordLogger</class>
  <method>logMessage</method>
  <thread>1</thread>
  <message>Get CSS &amp;apos;d&amp;apos; value on &amp;apos;Object Repository/HeaderMenus/reportingmenuicon&amp;apos; successfully: &amp;apos;path(\&amp;quot;M 13.838 0.427 C 13.744 0.229 13.526 0.095 13.272 0.034 C 13.242 0.024 13.228 0.025 13.214 0.023 A 1.194 1.194 0 0 0 12.753 0.023 C 12.705 0.028 12.701 0.032 12.695 0.034 C 12.441 0.095 12.223 0.229 12.13 0.427 L 10.596 9.02 L 8.878 4.047 C 8.784 3.848 8.566 3.714 8.311 3.654 C 8.282 3.644 8.271 3.646 8.258 3.644 A 1.175 1.175 0 0 0 7.791 3.644 C 7.746 3.648 7.742 3.652 7.736 3.654 C 7.482 3.714 7.264 3.848 7.17 4.047 L 5.482 8.502 L 3.726 7.067 C 3.712 7.055 3.691 7.051 3.676 7.04 C 3.624 6.998 3.589 6.992 3.561 6.977 A 1.039 1.039 0 0 0 3.387 6.902 C 3.337 6.887 3.288 6.882 3.236 6.875 C 3.178 6.866 3.122 6.857 3.063 6.857 C 3.003 6.857 2.949 6.867 2.891 6.875 C 2.839 6.883 2.789 6.888 2.74 6.902 A 0.966 0.966 0 0 0 2.566 6.977 C 2.536 6.992 2.503 6.998 2.476 7.017 C 2.434 7.051 2.416 7.055 2.401 7.067 L 0.278 9.382 C -0.048 9.649 -0.101 10.242 0.192 10.555 C 0.486 10.868 0.918 10.821 1.242 10.555 L 3.157 8.545 L 5.236 10.243 C 5.561 10.51 6.121 10.533 6.486 10.293 C 6.524 10.27 6.542 10.238 6.572 10.211 A 0.624 0.624 0 0 0 6.716 10.033 C 6.726 10.017 6.744 10.006 6.752 9.989 L 7.985 6.736 L 10.004 12.574 C 10.097 12.773 10.315 12.905 10.569 12.967 C 10.601 12.977 10.615 12.975 10.629 12.977 A 1.142 1.142 0 0 0 11.087 12.977 C 11.137 12.972 11.14 12.969 11.147 12.967 C 11.4 12.905 11.617 12.772 11.712 12.574 L 13.389 3.176 L 14.429 5.216 C 14.588 5.553 15.234 5.671 15.582 5.473 A 0.862 0.862 0 0 0 15.929 4.396 L 13.838 0.427 Z\&amp;quot;)&amp;apos;.</message>
  <nestedLevel>1</nestedLevel>
</record>
<record>
  <date>2020-01-13T16:23:32</date>
  <millis>1578912812064</millis>
  <sequence>398</sequence>
  <level>PASSED</level>
  <class>com.kms.katalon.core.logging.XmlKeywordLogger</class>
  <method>logMessage</method>
  <thread>1</thread>
  <message>Actual object &amp;apos;path(\&amp;quot;M 13.838 0.427 C 13.744 0.229 13.526 0.095 13.272 0.034 C 13.242 0.024 13.228 0.025 13.214 0.023 A 1.194 1.194 0 0 0 12.753 0.023 C 12.705 0.028 12.701 0.032 12.695 0.034 C 12.441 0.095 12.223 0.229 12.13 0.427 L 10.596 9.02 L 8.878 4.047 C 8.784 3.848 8.566 3.714 8.311 3.654 C 8.282 3.644 8.271 3.646 8.258 3.644 A 1.175 1.175 0 0 0 7.791 3.644 C 7.746 3.648 7.742 3.652 7.736 3.654 C 7.482 3.714 7.264 3.848 7.17 4.047 L 5.482 8.502 L 3.726 7.067 C 3.712 7.055 3.691 7.051 3.676 7.04 C 3.624 6.998 3.589 6.992 3.561 6.977 A 1.039 1.039 0 0 0 3.387 6.902 C 3.337 6.887 3.288 6.882 3.236 6.875 C 3.178 6.866 3.122 6.857 3.063 6.857 C 3.003 6.857 2.949 6.867 2.891 6.875 C 2.839 6.883 2.789 6.888 2.74 6.902 A 0.966 0.966 0 0 0 2.566 6.977 C 2.536 6.992 2.503 6.998 2.476 7.017 C 2.434 7.051 2.416 7.055 2.401 7.067 L 0.278 9.382 C -0.048 9.649 -0.101 10.242 0.192 10.555 C 0.486 10.868 0.918 10.821 1.242 10.555 L 3.157 8.545 L 5.236 10.243 C 5.561 10.51 6.121 10.533 6.486 10.293 C 6.524 10.27 6.542 10.238 6.572 10.211 A 0.624 0.624 0 0 0 6.716 10.033 C 6.726 10.017 6.744 10.006 6.752 9.989 L 7.985 6.736 L 10.004 12.574 C 10.097 12.773 10.315 12.905 10.569 12.967 C 10.601 12.977 10.615 12.975 10.629 12.977 A 1.142 1.142 0 0 0 11.087 12.977 C 11.137 12.972 11.14 12.969 11.147 12.967 C 11.4 12.905 11.617 12.772 11.712 12.574 L 13.389 3.176 L 14.429 5.216 C 14.588 5.553 15.234 5.671 15.582 5.473 A 0.862 0.862 0 0 0 15.929 4.396 L 13.838 0.427 Z\&amp;quot;)&amp;apos; and expected object &amp;apos;path(\&amp;quot;M 13.838 0.427 C 13.744 0.229 13.526 0.095 13.272 0.034 C 13.242 0.024 13.228 0.025 13.214 0.023 A 1.194 1.194 0 0 0 12.753 0.023 C 12.705 0.028 12.701 0.032 12.695 0.034 C 12.441 0.095 12.223 0.229 12.13 0.427 L 10.596 9.02 L 8.878 4.047 C 8.784 3.848 8.566 3.714 8.311 3.654 C 8.282 3.644 8.271 3.646 8.258 3.644 A 1.175 1.175 0 0 0 7.791 3.644 C 7.746 3.648 7.742 3.652 7.736 3.654 C 7.482 3.714 7.264 3.848 7.17 4.047 L 5.482 8.502 L 3.726 7.067 C 3.712 7.055 3.691 7.051 3.676 7.04 C 3.624 6.998 3.589 6.992 3.561 6.977 A 1.039 1.039 0 0 0 3.387 6.902 C 3.337 6.887 3.288 6.882 3.236 6.875 C 3.178 6.866 3.122 6.857 3.063 6.857 C 3.003 6.857 2.949 6.867 2.891 6.875 C 2.839 6.883 2.789 6.888 2.74 6.902 A 0.966 0.966 0 0 0 2.566 6.977 C 2.536 6.992 2.503 6.998 2.476 7.017 C 2.434 7.051 2.416 7.055 2.401 7.067 L 0.278 9.382 C -0.048 9.649 -0.101 10.242 0.192 10.555 C 0.486 10.868 0.918 10.821 1.242 10.555 L 3.157 8.545 L 5.236 10.243 C 5.561 10.51 6.121 10.533 6.486 10.293 C 6.524 10.27 6.542 10.238 6.572 10.211 A 0.624 0.624 0 0 0 6.716 10.033 C 6.726 10.017 6.744 10.006 6.752 9.989 L 7.985 6.736 L 10.004 12.574 C 10.097 12.773 10.315 12.905 10.569 12.967 C 10.601 12.977 10.615 12.975 10.629 12.977 A 1.142 1.142 0 0 0 11.087 12.977 C 11.137 12.972 11.14 12.969 11.147 12.967 C 11.4 12.905 11.617 12.772 11.712 12.574 L 13.389 3.176 L 14.429 5.216 C 14.588 5.553 15.234 5.671 15.582 5.473 A 0.862 0.862 0 0 0 15.929 4.396 L 13.838 0.427 Z\&amp;quot;)&amp;apos; are equal</message>
  <nestedLevel>1</nestedLevel>
</record>
<record>
  <date>2020-01-13T16:23:32</date>
  <millis>1578912812067</millis>
  <sequence>399</sequence>
  <level>END</level>
  <class>com.kms.katalon.core.logging.XmlKeywordLogger</class>
  <method>endKeyword</method>
  <thread>1</thread>
  <message>End action : verifyEqual(getCSSValue(findTestObject(\&amp;quot;HeaderMenus/reportingmenuicon\&amp;quot;), \&amp;quot;d\&amp;quot;), excelfile.getValue(\&amp;quot;icon_value\&amp;quot;, 5), STOP_ON_FAILURE)</message>
  <nestedLevel>1</nestedLevel>
</record>
<record>
  <date>2020-01-13T16:23:32</date>
  <millis>1578912812068</millis>
  <sequence>400</sequence>
  <level>START</level>
  <class>com.kms.katalon.core.logging.XmlKeywordLogger</class>
  <method>startKeyword</method>
  <thread>1</thread>
  <message>Start action : click(findTestObject(\&amp;quot;HeaderMenus/adminmenu\&amp;quot;))</message>
  <nestedLevel>1</nestedLevel>
  <property name="startLine">96</property>
  <property name="stepIndex">28</property>
</record>
<record>
  <date>2020-01-13T16:23:33</date>
  <millis>1578912813044</millis>
  <sequence>411</sequence>
  <level>PASSED</level>
  <class>com.kms.katalon.core.logging.XmlKeywordLogger</class>
  <method>logMessage</method>
  <thread>1</thread>
  <message>Object: &amp;apos;Object Repository/HeaderMenus/adminmenu&amp;apos; is clicked on</message>
  <nestedLevel>1</nestedLevel>
</record>
<record>
  <date>2020-01-13T16:23:33</date>
  <millis>1578912813045</millis>
  <sequence>412</sequence>
  <level>END</level>
  <class>com.kms.katalon.core.logging.XmlKeywordLogger</class>
  <method>endKeyword</method>
  <thread>1</thread>
  <message>End action : click(findTestObject(\&amp;quot;HeaderMenus/adminmenu\&amp;quot;))</message>
  <nestedLevel>1</nestedLevel>
</record>
<record>
  <date>2020-01-13T16:23:33</date>
  <millis>1578912813045</millis>
  <sequence>413</sequence>
  <level>START</level>
  <class>com.kms.katalon.core.logging.XmlKeywordLogger</class>
  <method>startKeyword</method>
  <thread>1</thread>
  <message>Start action : verifyEqual(getCSSValue(findTestObject(\&amp;quot;HeaderMenus/adminmenu\&amp;quot;), \&amp;quot;color\&amp;quot;), excelfile.getValue(\&amp;quot;element_color_in_RGBA\&amp;quot;, 6))</message>
  <nestedLevel>1</nestedLevel>
  <property name="startLine">98</property>
  <property name="stepIndex">29</property>
</record>
<record>
  <date>2020-01-13T16:23:34</date>
  <millis>1578912814712</millis>
  <sequence>422</sequence>
  <level>PASSED</level>
  <class>com.kms.katalon.core.logging.XmlKeywordLogger</class>
  <method>logMessage</method>
  <thread>1</thread>
  <message>Get CSS &amp;apos;color&amp;apos; value on &amp;apos;Object Repository/HeaderMenus/adminmenu&amp;apos; successfully: &amp;apos;rgba(27, 32, 92, 1)&amp;apos;.</message>
  <nestedLevel>1</nestedLevel>
</record>
<record>
  <date>2020-01-13T16:23:34</date>
  <millis>1578912814749</millis>
  <sequence>424</sequence>
  <level>PASSED</level>
  <class>com.kms.katalon.core.logging.XmlKeywordLogger</class>
  <method>logMessage</method>
  <thread>1</thread>
  <message>Actual object &amp;apos;rgba(27, 32, 92, 1)&amp;apos; and expected object &amp;apos;rgba(27, 32, 92, 1)&amp;apos; are equal</message>
  <nestedLevel>1</nestedLevel>
</record>
<record>
  <date>2020-01-13T16:23:34</date>
  <millis>1578912814750</millis>
  <sequence>425</sequence>
  <level>END</level>
  <class>com.kms.katalon.core.logging.XmlKeywordLogger</class>
  <method>endKeyword</method>
  <thread>1</thread>
  <message>End action : verifyEqual(getCSSValue(findTestObject(\&amp;quot;HeaderMenus/adminmenu\&amp;quot;), \&amp;quot;color\&amp;quot;), excelfile.getValue(\&amp;quot;element_color_in_RGBA\&amp;quot;, 6))</message>
  <nestedLevel>1</nestedLevel>
</record>
<record>
  <date>2020-01-13T16:23:34</date>
  <millis>1578912814750</millis>
  <sequence>426</sequence>
  <level>START</level>
  <class>com.kms.katalon.core.logging.XmlKeywordLogger</class>
  <method>startKeyword</method>
  <thread>1</thread>
  <message>Start action : verifyMatch(getCSSValue(findTestObject(\&amp;quot;HeaderMenus/adminmenu\&amp;quot;), \&amp;quot;font-size\&amp;quot;), excelfile.getValue(\&amp;quot;element_size\&amp;quot;, 6), true)</message>
  <nestedLevel>1</nestedLevel>
  <property name="startLine">101</property>
  <property name="stepIndex">30</property>
</record>
<record>
  <date>2020-01-13T16:23:35</date>
  <millis>1578912815273</millis>
  <sequence>435</sequence>
  <level>PASSED</level>
  <class>com.kms.katalon.core.logging.XmlKeywordLogger</class>
  <method>logMessage</method>
  <thread>1</thread>
  <message>Get CSS &amp;apos;font-size&amp;apos; value on &amp;apos;Object Repository/HeaderMenus/adminmenu&amp;apos; successfully: &amp;apos;10px&amp;apos;.</message>
  <nestedLevel>1</nestedLevel>
</record>
<record>
  <date>2020-01-13T16:23:35</date>
  <millis>1578912815327</millis>
  <sequence>437</sequence>
  <level>PASSED</level>
  <class>com.kms.katalon.core.logging.XmlKeywordLogger</class>
  <method>logMessage</method>
  <thread>1</thread>
  <message>Actual text &amp;apos;10px&amp;apos; and expected text &amp;apos;10px&amp;apos; are matched  using regular expression</message>
  <nestedLevel>1</nestedLevel>
</record>
<record>
  <date>2020-01-13T16:23:35</date>
  <millis>1578912815329</millis>
  <sequence>438</sequence>
  <level>END</level>
  <class>com.kms.katalon.core.logging.XmlKeywordLogger</class>
  <method>endKeyword</method>
  <thread>1</thread>
  <message>End action : verifyMatch(getCSSValue(findTestObject(\&amp;quot;HeaderMenus/adminmenu\&amp;quot;), \&amp;quot;font-size\&amp;quot;), excelfile.getValue(\&amp;quot;element_size\&amp;quot;, 6), true)</message>
  <nestedLevel>1</nestedLevel>
</record>
<record>
  <date>2020-01-13T16:23:35</date>
  <millis>1578912815329</millis>
  <sequence>439</sequence>
  <level>START</level>
  <class>com.kms.katalon.core.logging.XmlKeywordLogger</class>
  <method>startKeyword</method>
  <thread>1</thread>
  <message>Start action : verifyMatch(getText(findTestObject(\&amp;quot;HeaderMenus/adminmenu\&amp;quot;), CONTINUE_ON_FAILURE), excelfile.getValue(\&amp;quot;element_text\&amp;quot;, 6), true)</message>
  <nestedLevel>1</nestedLevel>
  <property name="startLine">104</property>
  <property name="stepIndex">31</property>
</record>
<record>
  <date>2020-01-13T16:23:36</date>
  <millis>1578912816324</millis>
  <sequence>448</sequence>
  <level>PASSED</level>
  <class>com.kms.katalon.core.logging.XmlKeywordLogger</class>
  <method>logMessage</method>
  <thread>1</thread>
  <message>Text of object &amp;apos;Object Repository/HeaderMenus/adminmenu&amp;apos; is: &amp;apos;ADMIN&amp;apos;</message>
  <nestedLevel>1</nestedLevel>
</record>
<record>
  <date>2020-01-13T16:23:36</date>
  <millis>1578912816328</millis>
  <sequence>450</sequence>
  <level>PASSED</level>
  <class>com.kms.katalon.core.logging.XmlKeywordLogger</class>
  <method>logMessage</method>
  <thread>1</thread>
  <message>Actual text &amp;apos;ADMIN&amp;apos; and expected text &amp;apos;ADMIN&amp;apos; are matched  using regular expression</message>
  <nestedLevel>1</nestedLevel>
</record>
<record>
  <date>2020-01-13T16:23:36</date>
  <millis>1578912816329</millis>
  <sequence>451</sequence>
  <level>END</level>
  <class>com.kms.katalon.core.logging.XmlKeywordLogger</class>
  <method>endKeyword</method>
  <thread>1</thread>
  <message>End action : verifyMatch(getText(findTestObject(\&amp;quot;HeaderMenus/adminmenu\&amp;quot;), CONTINUE_ON_FAILURE), excelfile.getValue(\&amp;quot;element_text\&amp;quot;, 6), true)</message>
  <nestedLevel>1</nestedLevel>
</record>
<record>
  <date>2020-01-13T16:23:36</date>
  <millis>1578912816337</millis>
  <sequence>452</sequence>
  <level>START</level>
  <class>com.kms.katalon.core.logging.XmlKeywordLogger</class>
  <method>startKeyword</method>
  <thread>1</thread>
  <message>Start action : verifyEqual(getCSSValue(findTestObject(\&amp;quot;HeaderMenus/adminmenuicon\&amp;quot;), \&amp;quot;d\&amp;quot;), excelfile.getValue(\&amp;quot;icon_value\&amp;quot;, 6), STOP_ON_FAILURE)</message>
  <nestedLevel>1</nestedLevel>
  <property name="startLine">107</property>
  <property name="stepIndex">32</property>
</record>
<record>
  <date>2020-01-13T16:23:37</date>
  <millis>1578912817346</millis>
  <sequence>461</sequence>
  <level>PASSED</level>
  <class>com.kms.katalon.core.logging.XmlKeywordLogger</class>
  <method>logMessage</method>
  <thread>1</thread>
  <message>Get CSS &amp;apos;d&amp;apos; value on &amp;apos;Object Repository/HeaderMenus/adminmenuicon&amp;apos; successfully: &amp;apos;path(\&amp;quot;M 7 0 C 10.862 0 14 3.138 14 7 S 10.862 14 7 14 S 0 10.862 0 7 S 3.138 0 7 0 Z M 8.918 9.67 L 8.556 7.518 L 10.111 5.988 L 7.959 5.678 L 7 3.732 L 6.04 5.676 L 3.889 5.987 L 5.444 7.517 L 5.082 9.669 L 7 8.659 L 8.918 9.67 Z\&amp;quot;)&amp;apos;.</message>
  <nestedLevel>1</nestedLevel>
</record>
<record>
  <date>2020-01-13T16:23:37</date>
  <millis>1578912817350</millis>
  <sequence>463</sequence>
  <level>PASSED</level>
  <class>com.kms.katalon.core.logging.XmlKeywordLogger</class>
  <method>logMessage</method>
  <thread>1</thread>
  <message>Actual object &amp;apos;path(\&amp;quot;M 7 0 C 10.862 0 14 3.138 14 7 S 10.862 14 7 14 S 0 10.862 0 7 S 3.138 0 7 0 Z M 8.918 9.67 L 8.556 7.518 L 10.111 5.988 L 7.959 5.678 L 7 3.732 L 6.04 5.676 L 3.889 5.987 L 5.444 7.517 L 5.082 9.669 L 7 8.659 L 8.918 9.67 Z\&amp;quot;)&amp;apos; and expected object &amp;apos;path(\&amp;quot;M 7 0 C 10.862 0 14 3.138 14 7 S 10.862 14 7 14 S 0 10.862 0 7 S 3.138 0 7 0 Z M 8.918 9.67 L 8.556 7.518 L 10.111 5.988 L 7.959 5.678 L 7 3.732 L 6.04 5.676 L 3.889 5.987 L 5.444 7.517 L 5.082 9.669 L 7 8.659 L 8.918 9.67 Z\&amp;quot;)&amp;apos; are equal</message>
  <nestedLevel>1</nestedLevel>
</record>
<record>
  <date>2020-01-13T16:23:37</date>
  <millis>1578912817352</millis>
  <sequence>464</sequence>
  <level>END</level>
  <class>com.kms.katalon.core.logging.XmlKeywordLogger</class>
  <method>endKeyword</method>
  <thread>1</thread>
  <message>End action : verifyEqual(getCSSValue(findTestObject(\&amp;quot;HeaderMenus/adminmenuicon\&amp;quot;), \&amp;quot;d\&amp;quot;), excelfile.getValue(\&amp;quot;icon_value\&amp;quot;, 6), STOP_ON_FAILURE)</message>
  <nestedLevel>1</nestedLevel>
</record>
<record>
  <date>2020-01-13T16:23:37</date>
  <millis>1578912817352</millis>
  <sequence>465</sequence>
  <level>START</level>
  <class>com.kms.katalon.core.logging.XmlKeywordLogger</class>
  <method>startKeyword</method>
  <thread>1</thread>
  <message>Start action : click(findTestObject(\&amp;quot;Object Repository/LoginPage/organizationssubmenu\&amp;quot;))</message>
  <nestedLevel>1</nestedLevel>
  <property name="startLine">110</property>
  <property name="stepIndex">33</property>
</record>
